[    0.000000] Initializing cgroup subsys cpuset
[    0.000000] Initializing cgroup subsys cpu
[    0.000000] Initializing cgroup subsys cpuacct
[    0.000000] Linux version 4.4.0-210-generic (buildd@lgw01-amd64-009) (gcc version 5.4.0 20160609 (Ubuntu 5.4.0-6ubuntu1~16.04.12) ) #242-Ubuntu SMP Fri Apr 16 09:57:56 UTC 2021 (Ubuntu 4.4.0-210.242-generic 4.4.262)
[    0.000000] Command line: BOOT_IMAGE=/boot/vmlinuz-4.4.0-210-generic root=LABEL=cloudimg-rootfs ro console=tty1 console=ttyS0
[    0.000000] KERNEL supported cpus:
[    0.000000]   Intel GenuineIntel
[    0.000000]   AMD AuthenticAMD
[    0.000000]   Centaur CentaurHauls
[    0.000000] x86/fpu: xstate_offset[2]:  576, xstate_sizes[2]:  256
[    0.000000] x86/fpu: Supporting XSAVE feature 0x01: 'x87 floating point registers'
[    0.000000] x86/fpu: Supporting XSAVE feature 0x02: 'SSE registers'
[    0.000000] x86/fpu: Supporting XSAVE feature 0x04: 'AVX registers'
[    0.000000] x86/fpu: Enabled xstate features 0x7, context size is 832 bytes, using 'standard' format.
[    0.000000] e820: BIOS-provided physical RAM map:
[    0.000000] BIOS-e820: [mem 0x0000000000000000-0x000000000009fbff] usable
[    0.000000] BIOS-e820: [mem 0x000000000009fc00-0x000000000009ffff] reserved
[    0.000000] BIOS-e820: [mem 0x00000000000f0000-0x00000000000fffff] reserved
[    0.000000] BIOS-e820: [mem 0x0000000000100000-0x000000003ffeffff] usable
[    0.000000] BIOS-e820: [mem 0x000000003fff0000-0x000000003fffffff] ACPI data
[    0.000000] BIOS-e820: [mem 0x00000000fec00000-0x00000000fec00fff] reserved
[    0.000000] BIOS-e820: [mem 0x00000000fee00000-0x00000000fee00fff] reserved
[    0.000000] BIOS-e820: [mem 0x00000000fffc0000-0x00000000ffffffff] reserved
[    0.000000] NX (Execute Disable) protection: active
[    0.000000] SMBIOS 2.5 present.
[    0.000000] Hypervisor detected: KVM
[    0.000000] e820: last_pfn = 0x3fff0 max_arch_pfn = 0x400000000
[    0.000000] MTRR: Disabled
[    0.000000] x86/PAT: MTRRs disabled, skipping PAT initialization too.
[    0.000000] CPU MTRRs all blank - virtualized system.
[    0.000000] x86/PAT: Configuration [0-7]: WB  WT  UC- UC  WB  WT  UC- UC  
[    0.000000] found SMP MP-table at [mem 0x0009fff0-0x0009ffff] mapped at [ffff88000009fff0]
[    0.000000] Scanning 1 areas for low memory corruption
[    0.000000] RAMDISK: [mem 0x362dc000-0x37165fff]
[    0.000000] ACPI: Early table checksum verification disabled
[    0.000000] ACPI: RSDP 0x00000000000E0000 000024 (v02 VBOX  )
[    0.000000] ACPI: XSDT 0x000000003FFF0030 00003C (v01 VBOX   VBOXXSDT 00000001 ASL  00000061)
[    0.000000] ACPI: FACP 0x000000003FFF00F0 0000F4 (v04 VBOX   VBOXFACP 00000001 ASL  00000061)
[    0.000000] ACPI: DSDT 0x000000003FFF0470 002325 (v02 VBOX   VBOXBIOS 00000002 INTL 20120111)
[    0.000000] ACPI: FACS 0x000000003FFF0200 000040
[    0.000000] ACPI: FACS 0x000000003FFF0200 000040
[    0.000000] ACPI: APIC 0x000000003FFF0240 00005C (v02 VBOX   VBOXAPIC 00000001 ASL  00000061)
[    0.000000] ACPI: SSDT 0x000000003FFF02A0 0001CC (v01 VBOX   VBOXCPUT 00000002 INTL 20120111)
[    0.000000] No NUMA configuration found
[    0.000000] Faking a node at [mem 0x0000000000000000-0x000000003ffeffff]
[    0.000000] NODE_DATA(0) allocated [mem 0x3ffeb000-0x3ffeffff]
[    0.000000] kvm-clock: Using msrs 4b564d01 and 4b564d00
[    0.000000] kvm-clock: cpu 0, msr 0:3ffe3001, primary cpu clock
[    0.000000] kvm-clock: using sched offset of 4334569508 cycles
[    0.000000] clocksource: kvm-clock: mask: 0xffffffffffffffff max_cycles: 0x1cd42e4dffb, max_idle_ns: 881590591483 ns
[    0.000000] Zone ranges:
[    0.000000]   DMA      [mem 0x0000000000001000-0x0000000000ffffff]
[    0.000000]   DMA32    [mem 0x0000000001000000-0x000000003ffeffff]
[    0.000000]   Normal   empty
[    0.000000]   Device   empty
[    0.000000] Movable zone start for each node
[    0.000000] Early memory node ranges
[    0.000000]   node   0: [mem 0x0000000000001000-0x000000000009efff]
[    0.000000]   node   0: [mem 0x0000000000100000-0x000000003ffeffff]
[    0.000000] Initmem setup node 0 [mem 0x0000000000001000-0x000000003ffeffff]
[    0.000000] ACPI: PM-Timer IO Port: 0x4008
[    0.000000] IOAPIC[0]: apic_id 2, version 32, address 0xfec00000, GSI 0-23
[    0.000000] ACPI: INT_SRC_OVR (bus 0 bus_irq 0 global_irq 2 dfl dfl)
[    0.000000] ACPI: INT_SRC_OVR (bus 0 bus_irq 9 global_irq 9 low level)
[    0.000000] Using ACPI (MADT) for SMP configuration information
[    0.000000] smpboot: Allowing 2 CPUs, 0 hotplug CPUs
[    0.000000] PM: Registered nosave memory: [mem 0x00000000-0x00000fff]
[    0.000000] PM: Registered nosave memory: [mem 0x0009f000-0x0009ffff]
[    0.000000] PM: Registered nosave memory: [mem 0x000a0000-0x000effff]
[    0.000000] PM: Registered nosave memory: [mem 0x000f0000-0x000fffff]
[    0.000000] e820: [mem 0x40000000-0xfebfffff] available for PCI devices
[    0.000000] Booting paravirtualized kernel on KVM
[    0.000000] clocksource: refined-jiffies: mask: 0xffffffff max_cycles: 0xffffffff, max_idle_ns: 7645519600211568 ns
[    0.000000] setup_percpu: NR_CPUS:512 nr_cpumask_bits:512 nr_cpu_ids:2 nr_node_ids:1
[    0.000000] PERCPU: Embedded 33 pages/cpu @ffff88003fc00000 s95192 r8192 d31784 u1048576
[    0.000000] Built 1 zonelists in Node order, mobility grouping on.  Total pages: 257912
[    0.000000] Policy zone: DMA32
[    0.000000] Kernel command line: BOOT_IMAGE=/boot/vmlinuz-4.4.0-210-generic root=LABEL=cloudimg-rootfs ro console=tty1 console=ttyS0
[    0.000000] PID hash table entries: 4096 (order: 3, 32768 bytes)
[    0.000000] Memory: 997792K/1048120K available (8644K kernel code, 1332K rwdata, 4044K rodata, 1492K init, 1164K bss, 50328K reserved, 0K cma-reserved)
[    0.000000] SLUB: HWalign=64, Order=0-3, MinObjects=0, CPUs=2, Nodes=1
[    0.000000] Kernel/User page tables isolation: enabled
[    0.000000] Hierarchical RCU implementation.
[    0.000000] 	Build-time adjustment of leaf fanout to 64.
[    0.000000] 	RCU restricting CPUs from NR_CPUS=512 to nr_cpu_ids=2.
[    0.000000] RCU: Adjusting geometry for rcu_fanout_leaf=64, nr_cpu_ids=2
[    0.000000] NR_IRQS:33024 nr_irqs:440 16
[    0.000000] Console: colour VGA+ 80x25
[    0.000000] console [tty1] enabled
[    0.000000] console [ttyS0] enabled
[    0.000000] tsc: Detected 2299.998 MHz processor
[    0.208415] Calibrating delay loop (skipped) preset value.. 4599.99 BogoMIPS (lpj=9199992)
[    0.210834] pid_max: default: 32768 minimum: 301
[    0.213362] ACPI: Core revision 20150930
[    0.215427] ACPI: 2 ACPI AML tables successfully acquired and loaded
[    0.217263] Security Framework initialized
[    0.218513] Yama: becoming mindful.
[    0.219600] AppArmor: AppArmor initialized
[    0.221863] Dentry cache hash table entries: 131072 (order: 8, 1048576 bytes)
[    0.226517] Inode-cache hash table entries: 65536 (order: 7, 524288 bytes)
[    0.230866] Mount-cache hash table entries: 2048 (order: 2, 16384 bytes)
[    0.232706] Mountpoint-cache hash table entries: 2048 (order: 2, 16384 bytes)
[    0.234911] Initializing cgroup subsys io
[    0.236236] Initializing cgroup subsys memory
[    0.237536] Initializing cgroup subsys devices
[    0.238808] Initializing cgroup subsys freezer
[    0.240158] Initializing cgroup subsys net_cls
[    0.241444] Initializing cgroup subsys perf_event
[    0.242784] Initializing cgroup subsys net_prio
[    0.244140] Initializing cgroup subsys hugetlb
[    0.245414] Initializing cgroup subsys pids
[    0.256097] mce: CPU supports 0 MCE banks
[    0.257874] Last level iTLB entries: 4KB 1024, 2MB 1024, 4MB 1024
[    0.262055] Last level dTLB entries: 4KB 1024, 2MB 1024, 4MB 1024, 1GB 4
[    0.264139] Spectre V1 : Mitigation: usercopy/swapgs barriers and __user pointer sanitization
[    0.266600] Spectre V2 : Mitigation: Full generic retpoline
[    0.268191] Spectre V2 : Spectre v2 / SpectreRSB mitigation: Filling RSB on context switch
[    0.270673] Speculative Store Bypass: Vulnerable
[    0.272071] SRBDS: Unknown: Dependent on hypervisor status
[    0.273676] MDS: Mitigation: Clear CPU buffers
[    0.277890] Freeing SMP alternatives memory: 36K
[    0.286473] ftrace: allocating 32380 entries in 127 pages
[    0.381868] smpboot: APIC(0) Converting physical 0 to logical package 0
[    0.388019] smpboot: Max logical packages: 1
[    0.392008] x2apic enabled
[    0.394657] Switched APIC routing to physical x2apic.
[    0.402486] ..TIMER: vector=0x30 apic1=0 pin1=2 apic2=-1 pin2=-1
[    0.514169] smpboot: CPU0: Intel(R) Core(TM) i7-4650U CPU @ 1.70GHz (family: 0x6, model: 0x45, stepping: 0x1)
[    0.518797] Performance Events: unsupported p6 CPU model 69 no PMU driver, software events only.
[    0.534273] KVM setup paravirtual spinlock
[    0.536492] x86: Booting SMP configuration:
[    0.538310] .... node  #0, CPUs:      #1
[    0.539881] kvm-clock: cpu 1, msr 0:3ffe3041, secondary cpu clock
[    0.548039] mce: CPU supports 0 MCE banks
[    0.553075] x86: Booted up 1 node, 2 CPUs
[    0.555095] smpboot: Total of 2 processors activated (9199.99 BogoMIPS)
[    0.557969] devtmpfs: initialized
[    0.560382] evm: security.selinux
[    0.561572] evm: security.SMACK64
[    0.562672] evm: security.SMACK64EXEC
[    0.563830] evm: security.SMACK64TRANSMUTE
[    0.565159] evm: security.SMACK64MMAP
[    0.566397] evm: security.ima
[    0.567680] evm: security.capability
[    0.569189] clocksource: jiffies: mask: 0xffffffff max_cycles: 0xffffffff, max_idle_ns: 7645041785100000 ns
[    0.573835] futex hash table entries: 512 (order: 3, 32768 bytes)
[    0.576081] pinctrl core: initialized pinctrl subsystem
[    0.578035] RTC time: 21:15:16, date: 12/22/21
[    0.579839] NET: Registered protocol family 16
[    0.591246] cpuidle: using governor ladder
[    0.603513] cpuidle: using governor menu
[    0.605852] PCCT header not found.
[    0.608032] ACPI: bus type PCI registered
[    0.609845] acpiphp: ACPI Hot Plug PCI Controller Driver version: 0.5
[    0.612783] PCI: Using configuration type 1 for base access
[    0.628533] ACPI: Added _OSI(Module Device)
[    0.631995] ACPI: Added _OSI(Processor Device)
[    0.633682] ACPI: Added _OSI(3.0 _SCP Extensions)
[    0.635388] ACPI: Added _OSI(Processor Aggregator Device)
[    0.639989] ACPI: Executed 1 blocks of module-level executable AML code
[    0.645112] ACPI: Interpreter enabled
[    0.646658] ACPI: (supports S0 S5)
[    0.648067] ACPI: Using IOAPIC for interrupt routing
[    0.649901] PCI: Using host bridge windows from ACPI; if necessary, use "pci=nocrs" and report a bug
[    0.658158] ACPI: PCI Root Bridge [PCI0] (domain 0000 [bus 00-ff])
[    0.660663] acpi PNP0A03:00: _OSC: OS supports [ASPM ClockPM Segments MSI]
[    0.663382] acpi PNP0A03:00: _OSC: not requesting OS control; OS requires [ExtendedConfig ASPM ClockPM MSI]
[    0.666833] acpi PNP0A03:00: fail to add MMCONFIG information, can't access extended PCI configuration space under this bridge.
[    0.670465] PCI host bridge to bus 0000:00
[    0.671771] pci_bus 0000:00: root bus resource [io  0x0000-0x0cf7 window]
[    0.673640] pci_bus 0000:00: root bus resource [io  0x0d00-0xffff window]
[    0.675491] pci_bus 0000:00: root bus resource [mem 0x000a0000-0x000bffff window]
[    0.678094] pci_bus 0000:00: root bus resource [mem 0x40000000-0xfdffffff window]
[    0.680585] pci_bus 0000:00: root bus resource [bus 00-ff]
[    0.685216] pci 0000:00:01.1: legacy IDE quirk: reg 0x10: [io  0x01f0-0x01f7]
[    0.687621] pci 0000:00:01.1: legacy IDE quirk: reg 0x14: [io  0x03f6]
[    0.689758] pci 0000:00:01.1: legacy IDE quirk: reg 0x18: [io  0x0170-0x0177]
[    0.701857] pci 0000:00:01.1: legacy IDE quirk: reg 0x1c: [io  0x0376]
[    0.726826] pci 0000:00:07.0: quirk: [io  0x4000-0x403f] claimed by PIIX4 ACPI
[    0.729368] pci 0000:00:07.0: quirk: [io  0x4100-0x410f] claimed by PIIX4 SMB
[    0.740180] ACPI: PCI Interrupt Link [LNKA] (IRQs 5 9 10 *11)
[    0.743188] ACPI: PCI Interrupt Link [LNKB] (IRQs 5 9 *10 11)
[    0.745610] ACPI: PCI Interrupt Link [LNKC] (IRQs 5 *9 10 11)
[    0.748213] ACPI: PCI Interrupt Link [LNKD] (IRQs 5 9 10 *11)
[    0.750585] ACPI: Enabled 2 GPEs in block 00 to 07
[    0.752486] vgaarb: setting as boot device: PCI:0000:00:02.0
[    0.754305] vgaarb: device added: PCI:0000:00:02.0,decodes=io+mem,owns=io+mem,locks=none
[    0.757015] vgaarb: loaded
[    0.758229] vgaarb: bridge control possible 0000:00:02.0
[    0.760176] SCSI subsystem initialized
[    0.761801] ACPI: bus type USB registered
[    0.763147] usbcore: registered new interface driver usbfs
[    0.765183] usbcore: registered new interface driver hub
[    0.766849] usbcore: registered new device driver usb
[    0.770399] PCI: Using ACPI for IRQ routing
[    0.772181] NetLabel: Initializing
[    0.773476] NetLabel:  domain hash size = 128
[    0.774877] NetLabel:  protocols = UNLABELED CIPSOv4
[    0.776758] NetLabel:  unlabeled traffic allowed by default
[    0.779014] amd_nb: Cannot enumerate AMD northbridges
[    0.780772] clocksource: Switched to clocksource kvm-clock
[    0.790782] AppArmor: AppArmor Filesystem Enabled
[    0.792440] pnp: PnP ACPI init
[    0.795183] pnp: PnP ACPI: found 3 devices
[    0.806241] clocksource: acpi_pm: mask: 0xffffff max_cycles: 0xffffff, max_idle_ns: 2085701024 ns
[    0.809268] NET: Registered protocol family 2
[    0.811001] TCP established hash table entries: 8192 (order: 4, 65536 bytes)
[    0.813361] TCP bind hash table entries: 8192 (order: 5, 131072 bytes)
[    0.815128] TCP: Hash tables configured (established 8192 bind 8192)
[    0.816894] UDP hash table entries: 512 (order: 2, 16384 bytes)
[    0.818581] UDP-Lite hash table entries: 512 (order: 2, 16384 bytes)
[    0.820331] NET: Registered protocol family 1
[    0.821711] pci 0000:00:00.0: Limiting direct PCI/PCI transfers
[    0.823628] pci 0000:00:01.0: Activating ISA DMA hang workarounds
[    0.825640] Unpacking initramfs...
[    1.046301] Freeing initrd memory: 14888K
[    1.047717] RAPL PMU detected, API unit is 2^-32 Joules, 4 fixed counters 10737418240 ms ovfl timer
[    1.050855] hw unit of domain pp0-core 2^-0 Joules
[    1.052286] hw unit of domain package 2^-0 Joules
[    1.053767] hw unit of domain dram 2^-0 Joules
[    1.055359] hw unit of domain pp1-gpu 2^-0 Joules
[    1.056925] clocksource: tsc: mask: 0xffffffffffffffff max_cycles: 0x212733415c7, max_idle_ns: 440795236380 ns
[    1.060030] platform rtc_cmos: registered platform RTC device (no PNP device found)
[    1.063188] Scanning for low memory corruption every 60 seconds
[    1.065573] audit: initializing netlink subsys (disabled)
[    1.067122] audit: type=2000 audit(1640207722.981:1): initialized
[    1.069052] Initialise system trusted keyring
[    1.071130] HugeTLB registered 2 MB page size, pre-allocated 0 pages
[    1.074582] zbud: loaded
[    1.076034] VFS: Disk quotas dquot_6.6.0
[    1.077428] VFS: Dquot-cache hash table entries: 512 (order 0, 4096 bytes)
[    1.079482] squashfs: version 4.0 (2009/01/31) Phillip Lougher
[    1.081518] fuse init (API version 7.23)
[    1.082837] Key type big_key registered
[    1.084076] Allocating IMA MOK and blacklist keyrings.
[    1.086741] Key type asymmetric registered
[    1.088000] Asymmetric key parser 'x509' registered
[    1.089520] Block layer SCSI generic (bsg) driver version 0.4 loaded (major 249)
[    1.091840] io scheduler noop registered
[    1.093295] io scheduler deadline registered (default)
[    1.095035] io scheduler cfq registered
[    1.096440] pci_hotplug: PCI Hot Plug PCI Core version: 0.5
[    1.098047] pciehp: PCI Express Hot Plug Controller Driver version: 0.4
[    1.100312] ACPI: AC Adapter [AC] (off-line)
[    1.101834] input: Power Button as /devices/LNXSYSTM:00/LNXPWRBN:00/input/input0
[    1.104387] ACPI: Power Button [PWRF]
[    1.105818] input: Sleep Button as /devices/LNXSYSTM:00/LNXSLPBN:00/input/input1
[    1.108339] ACPI: Sleep Button [SLPF]
[    1.112055] ACPI: Battery Slot [BAT0] (battery present)
[    1.114052] GHES: HEST is not enabled!
[    1.115611] Serial: 8250/16550 driver, 32 ports, IRQ sharing enabled
[    1.138572] 00:02: ttyS0 at I/O 0x3f8 (irq = 4, base_baud = 115200) is a 16550A
[    1.146973] Linux agpgart interface v0.103
[    1.151559] loop: module loaded
[    1.153417] scsi host0: ata_piix
[    1.154532] scsi host1: ata_piix
[    1.155569] ata1: PATA max UDMA/33 cmd 0x1f0 ctl 0x3f6 bmdma 0xd000 irq 14
[    1.157466] ata2: PATA max UDMA/33 cmd 0x170 ctl 0x376 bmdma 0xd008 irq 15
[    1.159454] libphy: Fixed MDIO Bus: probed
[    1.160873] tun: Universal TUN/TAP device driver, 1.6
[    1.162578] tun: (C) 1999-2004 Max Krasnyansky <maxk@qualcomm.com>
[    1.165044] PPP generic driver version 2.4.2
[    1.166617] ehci_hcd: USB 2.0 'Enhanced' Host Controller (EHCI) Driver
[    1.168546] ehci-pci: EHCI PCI platform driver
[    1.170343] ehci-platform: EHCI generic platform driver
[    1.171983] ohci_hcd: USB 1.1 'Open' Host Controller (OHCI) Driver
[    1.174093] ohci-pci: OHCI PCI platform driver
[    1.175683] ohci-platform: OHCI generic platform driver
[    1.177251] uhci_hcd: USB Universal Host Controller Interface driver
[    1.179259] i8042: PNP: PS/2 Controller [PNP0303:PS2K,PNP0f03:PS2M] at 0x60,0x64 irq 1,12
[    1.182368] serio: i8042 KBD port at 0x60,0x64 irq 1
[    1.183811] serio: i8042 AUX port at 0x60,0x64 irq 12
[    1.185551] mousedev: PS/2 mouse device common for all mice
[    1.187703] input: AT Translated Set 2 keyboard as /devices/platform/i8042/serio0/input/input2
[    1.191238] rtc_cmos rtc_cmos: rtc core: registered rtc_cmos as rtc0
[    1.193548] rtc_cmos rtc_cmos: alarms up to one day, 114 bytes nvram
[    1.195454] i2c /dev entries driver
[    1.196686] device-mapper: uevent: version 1.0.3
[    1.198589] device-mapper: ioctl: 4.34.0-ioctl (2015-10-28) initialised: dm-devel@redhat.com
[    1.201559] ledtrig-cpu: registered to indicate activity on CPUs
[    1.203607] NET: Registered protocol family 10
[    1.205507] NET: Registered protocol family 17
[    1.207025] Key type dns_resolver registered
[    1.208845] registered taskstats version 1
[    1.210074] Loading compiled-in X.509 certificates
[    1.212138] Loaded X.509 cert 'Build time autogenerated kernel key: cf00e047681d67edb2720680708b7d9498083038'
[    1.214936] zswap: loaded using pool lzo/zbud
[    1.218560] Key type trusted registered
[    1.224050] Key type encrypted registered
[    1.225367] AppArmor: AppArmor sha1 policy hashing enabled
[    1.226885] ima: No TPM chip found, activating TPM-bypass!
[    1.228685] ima: Allocated hash algorithm: sha1
[    1.230326] evm: HMAC attrs: 0x1
[    1.231887]   Magic number: 1:639:298
[    1.233266] rtc_cmos rtc_cmos: setting system clock to 2021-12-22 21:15:17 UTC (1640207717)
[    1.236442] BIOS EDD facility v0.16 2004-Jun-25, 0 devices found
[    1.238537] EDD information not available.
[    1.347898] Freeing unused kernel memory: 1492K
[    1.349372] Write protecting the kernel read-only data: 14336k
[    1.352066] Freeing unused kernel memory: 1584K
[    1.354059] Freeing unused kernel memory: 52K
Loading, please wait...
starting version 229
[    1.375132] random: systemd-udevd: uninitialized urandom read (16 bytes read, 2 bits of entropy available)
[    1.376112] random: udevadm: uninitialized urandom read (16 bytes read, 2 bits of entropy available)
[    1.376145] random: udevadm: uninitialized urandom read (16 bytes read, 2 bits of entropy available)
[    1.385838] random: udevadm: uninitialized urandom read (16 bytes read, 2 bits of entropy available)
[    1.385886] random: udevadm: uninitialized urandom read (16 bytes read, 2 bits of entropy available)
[    1.386029] random: udevadm: uninitialized urandom read (16 bytes read, 2 bits of entropy available)
[    1.386083] random: udevadm: uninitialized urandom read (16 bytes read, 2 bits of entropy available)
[    1.386138] random: udevadm: uninitialized urandom read (16 bytes read, 2 bits of entropy available)
[    1.386191] random: udevadm: uninitialized urandom read (16 bytes read, 2 bits of entropy available)
[    1.386241] random: udevadm: uninitialized urandom read (16 bytes read, 2 bits of entropy available)
[    1.469767] e1000: Intel(R) PRO/1000 Network Driver - version 7.3.21-k8-NAPI
[    1.483223] e1000: Copyright (c) 1999-2006 Intel Corporation.
[    1.501523] Fusion MPT base driver 3.04.20
[    1.505212] Copyright (c) 1999-2008 LSI Corporation
[    1.550356] AVX2 version of gcm_enc/dec engaged.
[    1.557312] AES CTR mode by8 optimization enabled
[    1.564321] Fusion MPT SPI Host driver 3.04.20
[    1.721013] input: ImExPS/2 Generic Explorer Mouse as /devices/platform/i8042/serio1/input/input4
[    1.962905] e1000 0000:00:03.0 eth0: (PCI:33MHz:32-bit) 02:be:82:6b:cc:1d
[    1.965076] e1000 0000:00:03.0 eth0: Intel(R) PRO/1000 Network Connection
[    1.968514] mptbase: ioc0: Initiating bringup
[    1.968634] e1000 0000:00:03.0 enp0s3: renamed from eth0
[    2.640675] ioc0: LSI53C1030 A0: Capabilities={Initiator}
[    4.936563] scsi host2: ioc0: LSI53C1030 A0, FwRev=00000000h, Ports=1, MaxQ=256, IRQ=20
[    6.517981] scsi 2:0:0:0: Direct-Access     VBOX     HARDDISK         1.0  PQ: 0 ANSI: 5
[    6.522352] scsi target2:0:0: Beginning Domain Validation
[    6.527165] scsi target2:0:0: Domain Validation skipping write tests
[    6.529134] scsi target2:0:0: Ending Domain Validation
[    6.540548] scsi target2:0:0: asynchronous
[    6.542980] scsi 2:0:1:0: Direct-Access     VBOX     HARDDISK         1.0  PQ: 0 ANSI: 5
[    6.545638] scsi target2:0:1: Beginning Domain Validation
[    6.548917] scsi target2:0:1: Domain Validation skipping write tests
[    6.550980] scsi target2:0:1: Ending Domain Validation
[    6.552492] scsi target2:0:1: asynchronous
[    6.561891] sd 2:0:0:0: Attached scsi generic sg0 type 0
[    6.564140] sd 2:0:0:0: [sda] 83886080 512-byte logical blocks: (42.9 GB/40.0 GiB)
[    6.566648] sd 2:0:1:0: Attached scsi generic sg1 type 0
[    6.568516] sd 2:0:0:0: [sda] Write Protect is off
[    6.568605] sd 2:0:1:0: [sdb] 20480 512-byte logical blocks: (10.5 MB/10.0 MiB)
[    6.572461] sd 2:0:0:0: [sda] Incomplete mode parameter data
[    6.572473] sd 2:0:1:0: [sdb] Write Protect is off
[    6.576746] sd 2:0:0:0: [sda] Assuming drive cache: write through
[    6.579661] sd 2:0:1:0: [sdb] Incomplete mode parameter data
[    6.582683] sd 2:0:1:0: [sdb] Assuming drive cache: write through
[    6.589184]  sda: sda1
[    6.592518] sd 2:0:0:0: [sda] Attached SCSI disk
[    6.594855] sd 2:0:1:0: [sdb] Attached SCSI disk
Begin: Loading essential drivers ... [    7.950631] md: linear personality registered for level -1
[    7.954661] md: multipath personality registered for level -4
[    7.959425] md: raid0 personality registered for level 0
[    7.965944] md: raid1 personality registered for level 1
[    8.048877] raid6: sse2x1   gen()  9167 MB/s
[    8.117207] raid6: sse2x1   xor()  7584 MB/s
[    8.184856] raid6: sse2x2   gen() 12133 MB/s
[    8.252879] raid6: sse2x2   xor()  8258 MB/s
[    8.320893] raid6: sse2x4   gen() 12757 MB/s
[    8.389019] raid6: sse2x4   xor()  4120 MB/s
[    8.456876] raid6: avx2x1   gen() 14951 MB/s
[    8.524891] raid6: avx2x2   gen() 20869 MB/s
[    8.592880] raid6: avx2x4   gen() 24370 MB/s
[    8.594450] raid6: using algorithm avx2x4 gen() 24370 MB/s
[    8.596290] raid6: using avx2x2 recovery algorithm
[    8.599060] xor: automatically using best checksumming function:
[    8.644914]    avx       : 20844.000 MB/sec
[    8.649729] async_tx: api initialized (async)
[    8.679608] md: raid6 personality registered for level 6
[    8.681714] md: raid5 personality registered for level 5
[    8.683738] md: raid4 personality registered for level 4
[    8.694520] md: raid10 personality registered for level 10
done.
Begin: Running /scripts/init-premount ... done.
Begin: Mounting root file system ... Begin: Running /scripts/local-top ... done.
Begin: Running /scripts/local-premount ... [    8.733567] Btrfs loaded
Scanning for Btrfs filesystems
done.
Warning: fsck not present, so skipping root file system
[    8.806504] EXT4-fs (sda1): mounted filesystem with ordered data mode. Opts: (null)
done.
Begin: Running /scripts/local-bottom ... done.
Begin: Running /scripts/init-bottom ... done.
[    8.988714] systemd[1]: systemd 229 running in system mode. (+PAM +AUDIT +SELINUX +IMA +APPARMOR +SMACK +SYSVINIT +UTMP +LIBCRYPTSETUP +GCRYPT +GNUTLS +ACL +XZ -LZ4 +SECCOMP +BLKID +ELFUTILS +KMOD -IDN)
[    8.995015] systemd[1]: Detected virtualization oracle.
[    8.996715] systemd[1]: Detected architecture x86-64.

Welcome to [1mUbuntu 16.04.7 LTS[0m!

[    9.003296] systemd[1]: Set hostname to <ubuntu>.
[    9.009269] systemd[1]: Initializing machine ID from random generator.
[    9.012031] systemd[1]: Installed transient /etc/machine-id file.
[    9.314820] systemd[1]: Listening on Journal Socket.
[[0;32m  OK  [0m] Listening on Journal Socket.
[    9.317870] systemd[1]: Listening on LVM2 metadata daemon socket.
[[0;32m  OK  [0m] Listening on LVM2 metadata daemon socket.
[    9.321021] systemd[1]: Listening on LVM2 poll daemon socket.
[[0;32m  OK  [0m] Listening on LVM2 poll daemon socket.
[    9.522347] systemd[1]: Created slice User and Session Slice.
[[0;32m  OK  [0m] Created slice User and Session Slice.
[    9.529235] systemd[1]: Listening on Device-mapper event daemon FIFOs.
[[0;32m  OK  [0m] Listening on Device-mapper event daemon FIFOs.
[    9.537025] systemd[1]: Reached target User and Group Name Lookups.
[[0;32m  OK  [0m] Reached target User and Group Name Lookups.
[    9.545184] systemd[1]: Listening on /dev/initctl Compatibility Named Pipe.
[[0;32m  OK  [0m] Listening on /dev/initctl Compatibility Named Pipe.
[    9.555193] systemd[1]: Started Trigger resolvconf update for networkd DNS.
[[0;32m  OK  [0m] Started Trigger resolvconf update for networkd DNS.
[    9.642164] systemd[1]: Created slice System Slice.
[[0;32m  OK  [0m] Created slice System Slice.
[    9.661444] systemd[1]: Starting Nameserver information manager...
         Starting Nameserver information manager...
[    9.673885] systemd[1]: Reached target Slices.
[[0;32m  OK  [0m] Reached target Slices.
[    9.678965] systemd[1]: Starting Set console keymap...
         Starting Set console keymap...
[    9.684701] systemd[1]: Created slice system-serial\x2dgetty.slice.
[[0;32m  OK  [0m] Created slice system-serial\x2dgetty.slice.
[    9.689319] systemd[1]: Mounting POSIX Message Queue File System...
         Mounting POSIX Message Queue File System...
[    9.693993] systemd[1]: Listening on fsck to fsckd communication Socket.
[[0;32m  OK  [0m] Listening on fsck to fsckd communication Socket.
[    9.699423] systemd[1]: Listening on Syslog Socket.
[[0;32m  OK  [0m] Listening on Syslog Socket.
[    9.702521] systemd[1]: Started Forward Password Requests to Wall Directory Watch.
[[0;32m  OK  [0m] Started Forward Password Requests to Wall Directory Watch.
[    9.715626] systemd[1]: Reached target Encrypted Volumes.
[[0;32m  OK  [0m] Reached target Encrypted Volumes.
[    9.737926] systemd[1]: Starting Create list of required static device nodes for the current kernel...
         Starting Create list of required st... nodes for the current kernel...
[    9.746022] systemd[1]: Reached target Swap.
[[0;32m  OK  [0m] Reached target Swap.
[    9.750055] systemd[1]: Mounting Huge Pages File System...
         Mounting Huge Pages File System...
[    9.754045] systemd[1]: Starting Monitoring of LVM2 mirrors, snapshots etc. using dmeventd or progress polling...
         Starting Monitoring of LVM2 mirrors... dmeventd or progress polling...
[    9.760378] systemd[1]: Listening on Journal Socket (/dev/log).
[[0;32m  OK  [0m] Listening on Journal Socket (/dev/log).
[    9.764586] systemd[1]: Listening on udev Kernel Socket.
[[0;32m  OK  [0m] Listening on udev Kernel Socket.
[    9.771199] systemd[1]: Reached target System Time Synchronized.
[[0;32m  OK  [0m] Reached target System Time Synchronized.
[    9.778179] systemd[1]: Starting Uncomplicated firewall...
         Starting Uncomplicated firewall...
[    9.783989] systemd[1]: Set up automount Arbitrary Executable File Formats File System Automount Point.
[[0;32m  OK  [0m] Set up automount Arbitrary Executab...ats File System Automount Point.
[    9.799367] systemd[1]: Listening on udev Control Socket.
[[0;32m  OK  [0m] Listening on udev Control Socket.
[    9.825757] systemd[1]: Starting Load Kernel Modules...
         Starting Load Kernel Modules...
[    9.832877] systemd[1]: Listening on Journal Audit Socket.
[[0;32m  OK  [0m] Listening on Journal Audit Socket.
[    9.841229] systemd[1]: Starting Journal Service...
         Starting Journal Service...
[    9.845274] Loading iSCSI transport class v2.0-870.
[    9.846353] systemd[1]: Mounting Debug File System...
         Mounting Debug File System...
[    9.854936] systemd[1]: Starting File System Check on Root Device...
         Starting File System Check on Root Device...
[    9.868760] systemd[1]: Mounted Huge Pages File System.
[[0;32m  OK  [0m] Mounted Huge Pages File System.
[    9.874644] systemd[1]: Mounted POSIX Message Queue File System.
[[0;32m  OK  [0m] Mounted POSIX Message Queue File System.
[    9.881570] systemd[1]: Mounted Debug File System.
[    9.891513] iscsi: registered transport (tcp)
[[0;32m  OK  [0m] Mounted Debug File System.
[    9.895651] systemd[1]: Started Journal Service.
[[0;32m  OK  [0m] Started Journal Service.
[[0;32m  OK  [0m] Started Set console keymap.
[[0;32m  OK  [0m] Started Create list of required sta...ce nodes for the current kernel.
[[0;32m  OK  [0m] Started Uncomplicated firewall.
[[0;32m  OK  [0m] Started File System Check on Root Device.

    9.933940] iscsi: registered transport (iser)
[[0;32m  OK  [0m] Started Nameserver information manager.
[[0;32m  OK  [0m] Started Load Kernel Modules.
[[0;32m  OK  [0m] Started File System Check Daemon to report status.
[[0;32m  OK  [0m] Started LVM2 metadata daemon.
         Mounting FUSE Control File System...
         Starting Apply Kernel Variables...
         Starting Remount Root and Kernel File Systems...
         Starting Create Static Device Nodes in /dev...
[[0;32m  OK  [0m] Mounted FUSE Control File System.
[    9.996679] EXT4-fs (sda1): re-mounted. Opts: (null)
[[0;32m  OK  [0m] Started Remount Root and Kernel File Systems.
[[0;32m  OK  [0m] Started Apply Kernel Variables.
         Starting Load/Save Random Seed...
         Starting Flush Journal to Persistent Storage...
         Starting udev Coldplug all Devices...
[[0;32m  OK  [0m] Started Create Static Device Nodes in /dev.
[[0;32m  OK  [0m] Started Load/Save Random Seed.
         Starting udev Kernel Device Manager...
[[0;32m  OK  [0m] Started Flush Journal to Persistent Storage.
[[0;32m  OK  [0m] Started udev Kernel Device Manager.
[[0;32m  OK  [0m] Started udev Coldplug all Devices.
[[0;32m  OK  [0m] Started Dispatch Password Requests to Console Directory Watch.
[[0;32m  OK  [0m] Found device /dev/ttyS0.
[[0;32m  OK  [0m] Listening on Load/Save RF Kill Switch Status /dev/rfkill Watch.
[[0;32m  OK  [0m] Started Monitoring of LVM2 mirrors,...ng dmeventd or progress polling.
[[0;32m  OK  [0m] Reached target Local File Systems (Pre).
[[0;32m  OK  [0m] Reached target Local File Systems.
         Starting Commit a transient machine-id on disk...
         Starting Initial cloud-init job (pre-networking)...
         Starting LSB: AppArmor initialization...
         Starting Tell Plymouth To Write Out Runtime Data...
         Starting Create Volatile Files and Directories...
         Starting Set console font and keymap...
[[0;32m  OK  [0m] Started Commit a transient machine-id on disk.
[[0;32m  OK  [0m] Started Tell Plymouth To Write Out Runtime Data.
[[0;32m  OK  [0m] Started Create Volatile Files and Directories.
         Starting Update UTMP about System Boot/Shutdown...
[[0;32m  OK  [0m] Started Update UTMP about System Boot/Shutdown.
[[0;32m  OK  [0m] Started Set console font and keymap.
[[0;32m  OK  [0m] Created slice system-getty.slice.
[   12.071333] cloud-init[601]: Cloud-init v. 21.1-19-gbad84ad4-0ubuntu1~16.04.2 running 'init-local' at Wed, 22 Dec 2021 21:15:28 +0000. Up 11.68 seconds.
[[0;32m  OK  [0m] Started LSB: AppArmor initialization.
         Starting Load AppArmor profiles managed internally by snapd...
[[0;32m  OK  [0m] Started Initial cloud-init job (pre-networking).
[[0;32m  OK  [0m] Reached target Network (Pre).
         Starting Raise network interfaces...
[[0;32m  OK  [0m] Started Load AppArmor profiles managed internally by snapd.
[[0;32m  OK  [0m] Started Raise network interfaces.
[[0;32m  OK  [0m] Reached target Network.
         Starting Initial cloud-init job (metadata service crawler)...
[   13.432962] cloud-init[949]: Cloud-init v. 21.1-19-gbad84ad4-0ubuntu1~16.04.2 running 'init' at Wed, 22 Dec 2021 21:15:29 +0000. Up 12.67 seconds.
[   13.436027] cloud-init[949]: ci-info: ++++++++++++++++++++++++++++++++++++++Net device info++++++++++++++++++++++++++++++++++++++
[   13.438916] cloud-init[949]: ci-info: +--------+------+----------------------------+---------------+--------+-------------------+
[   13.456731] cloud-init[949]: ci-info: | Device |  Up  |          Address           |      Mask     | Scope  |     Hw-Address    |
[   13.459507] cloud-init[949]: ci-info: +--------+------+----------------------------+---------------+--------+-------------------+
[   13.461983] cloud-init[949]: ci-info: | enp0s3 | True |         10.0.2.15          | 255.255.255.0 | global | 02:be:82:6b:cc:1d |
[   13.468879] cloud-init[949]: ci-info: | enp0s3 | True | fe80::be:82ff:fe6b:cc1d/64 |       .       |  link  | 02:be:82:6b:cc:1d |
[   13.471291] cloud-init[949]: ci-info: |   lo   | True |         127.0.0.1          |   255.0.0.0   |  host  |         .         |
[   13.484538] cloud-init[949]: ci-info: |   lo   | True |          ::1/128           |       .       |  host  |         .         |
[   13.492683] cloud-init[949]: ci-info: +--------+------+----------------------------+---------------+--------+-------------------+
[   13.495445] cloud-init[949]: ci-info: +++++++++++++++++++++++++++Route IPv4 info++++++++++++++++++++++++++++
[   13.497951] cloud-init[949]: ci-info: +-------+-------------+----------+---------------+-----------+-------+
[   13.504623] cloud-init[949]: ci-info: | Route | Destination | Gateway  |    Genmask    | Interface | Flags |
[   13.512573] cloud-init[949]: ci-info: +-------+-------------+----------+---------------+-----------+-------+
[   13.514567] cloud-init[949]: ci-info: |   0   |   0.0.0.0   | 10.0.2.2 |    0.0.0.0    |   enp0s3  |   UG  |
[   13.516856] cloud-init[949]: ci-info: |   1   |   10.0.2.0  | 0.0.0.0  | 255.255.255.0 |   enp0s3  |   U   |
[   13.520646] cloud-init[949]: ci-info: +-------+-------------+----------+---------------+-----------+-------+
[   13.525565] cloud-init[949]: ci-info: +++++++++++++++++++Route IPv6 info+++++++++++++++++++
[   13.529672] cloud-init[[0;32m  OK  [0m] Started Initial cloud-init job (metadata service crawler).[949]: ci-info: +-------+-------------+---------+-----------+-------+
[   13.533745] cloud-init[949]: ci-info: | Route | Destination | Gateway | Interface | Flags |
[   13.536648] cloud-init[949]: ci-info: +-------+-------------+---------+-----------+-------+
[   13.539448] cloud-init[949]: ci-info: |   0   |  fe80::/64  |    ::   |   enp0s3  |   U   |
[   13.542780] cloud-init[949]: ci-info: |   3   |   ff00::/8  |    ::   |   enp0s3  |   U   |
[   13.545781] cloud-init[949]: ci-info: +-------+-------------+---------+-----------+-------+
[   13.547375] cloud-init[949]: Generating public/private rsa key pair.
[   13.552969] cloud-init[949]: Your identification has been saved in /etc/ssh/ssh_host_rsa_key.
[   13.554561] cloud-init[949]: Your public key has been saved in /etc/ssh/ssh_host_rsa_key.pub.
[   13.559228] cloud-init[949]: The key fingerprint is:
[   13.561900] cloud-init[949]: SHA256:FdwT4rAHCpu243NXxkxqnaRjhEqDwZgGOkyOiO3zUxI root@ubuntu-xenial
[   13.562955] cloud-init[949]: The key's randomart image is:
[   13.567558] cloud-init[949]: +---[RSA 2048]----+
[   13.568876] cloud-init[949]: |o=. .   o.o...   |

[   13.571514] cloud-init[949]: |@o.o + o =.oo    |
[   13.573930] cloud-init[949]: |Boo E o o *  .   |
[   13.574400] cloud-init[949]: | o o = . @ .     |
[   13.577054] cloud-init[949]: |  o = . S B      |
[   13.578614] cloud-init[949]: |   + + o +       |
[   13.580204] cloud-init[949]: |    = . .        |
[   13.582734] cloud-init[949]: |     + .         |
[   13.584157] cloud-init[949]: |                 |
[   13.586136] cloud-init[949]: +----[SHA256]-----+
[   13.587620] cloud-init[949]: Generating public/private dsa key pair.
[   13.588427] cloud-init[949]: Your identification has been saved in /etc/ssh/ssh_host_dsa_key.
[   13.589261] cloud-init[949]: Your public key has been saved in /etc/ssh/ssh_host_dsa_key.pub.
[   13.592367] cloud-init[949]: The key fingerprint is:
[   13.594320] cloud-init[949]: SHA256:Mjy0EXLN5pNjDPXTQ9MFEhyk7KwfPQJ2Hq5D4xLwceY root@ubuntu-xenial
[   13.595709] cloud-init[949]: The key's randomart image is:
[   13.598858] cloud-init[949]: +---[DSA 1024]----+
[   13.600304] cloud-init[949]: |    . o+.  oB+.o.|
[   13.601330] cloud-init[949]: |     o..+o +.o.  |
[   13.603211] cloud-init[949]: |      o= .= o    |
[[0;32m  OK  [0m] Reached target Network is Online.
[   13.603256] cloud-init[949]: |    .o.oXo . .   |
[   13.608217] cloud-init[949]: |     o**So=      |
[   13.609514] cloud-init[949]: |      o=E* o     |
[   13.610781] cloud-init[949]: |       +..= o    |
[   13.612340] cloud-init[949]: |      . oo o .   |
[   13.613566] cloud-init[949]: |       ....      |
[   13.615119] cloud-init[949]: +----[SHA256]-----+
[   13.616582] cloud-init[949]: Generating public/private ecdsa key pair.
[   13.618085] cloud-init[949]: Your identification has been saved in /etc/ssh/ssh_host_ecdsa_key.
[   13.619995]          Starting iSCSI initiator daemon (iscsid)...
[[0;32m  OK  [0m] Reached target Cloud-config availability.
[[0;32m  OK  [0m] Reached target System Initialization.
[[0;32m  OK  [0m] Listening on D-Bus System Message Bus Socket.
cloud-init[949]: Your public key has been saved in /etc/ssh/ssh_host_ecdsa_key.pub.
[   13.629120] cloud-init[949]: The key fingerprint is:
[   13.630410] cloud-init[949]: SHA256:JEed7Kcn7ghdJ+bPanN8aNYugfwKoitX+8Dm87OrnOI root@ubuntu-xenial
[   13.632338] cloud-init[949]: The key's randomart image is:
[   13.635153] [[0;32m  OK  [0m] Started ACPI Events Check.
[cloud-init[0;32m  OK  [0m[949]: ] +---[ECDSA 256]---+Reached target Paths.

[[0;32m  OK  [0m] Started Daily apt download activities.
[[   13.636158] cloud-init[949]: |        .o .     |
[   13.641616] cloud-init[949]: |       .  +      |
[0;32m  OK  [0m] Started Daily Cleanup of Temporary Directories.
[[0;32m  OK  [0m] Started Message of the Day.
[[0;32m  OK  [0m] Listening on UUID daemon activation socket.
[[0;32m  OK  [0m] Started Daily apt upgrade and clean activities.
[   13.644088] cloud-init[949]: |      . o.       |
[   13.651893] [[0;32m  OK  [0m] Started Ubuntu Advantage update messaging.
[[0;32m  OK  [0m] Reached target Timers.
cloud-init[949]: |       +  . .    |         Starting LXD - unix socket.
         Starting Socket activation for snappy daemon.
[[0;32m  OK  [0m] Listening on ACPID Listen Socket.

[   13.660894] cloud-init[949]: |        S.++.    |
[   13.662928] cloud-init[949]: |     ... +=oo    |
[   13.673246] [[0;32m  OK  [0m] Listening on LXD - unix socket.
[[0;32m  OK  [0m] Listening on Socket activation for snappy daemon.
cloud-init[949]: |     .*.o..= +   |
[   13.678818] cloud-init[949]: |  . o=o=.o+oO o  |
[   13.678871] cloud-init[949]: |   +Eo==**+Bo+.  |
[   13.678918] cloud-init[949]: +----[SHA256]-----+
[[0;32m  OK  [0m] Reached target Sockets.
[[0;32m  OK  [0m] Reached target Basic System.
[[   13.679041] [0;32m  OK  [0m] Started Deferred execution scheduler.
[[0;32m  OK  [0m] Started D-Bus System Message Bus.
cloud-init[949]: Generating public/private ed25519 key pair.
[   13.694929] cloud-init[949]: Your identification has been saved in /etc/ssh/ssh_host_ed25519_key.
[   13.700627] cloud-init[949]: Your public key has been saved in /etc/ssh/ssh_host_ed25519_key.pub.
[   13.705082] cloud-init[949]: The key fingerprint is:
[   13.707735] cloud-init[949]: SHA256:BvsztV+igwNgWsP3IXBk/7+8/NkURW0VKSg9cEBiHVw root@ubuntu-xenial
[   13.711819] cloud-init[949]: The key's randomart image is:
[   13.714056] cloud-init[949]: +--[ED25519 256]--+
[   13.716550] cloud-init[949]: |     .oo+=*E.  .B|
[   13.718583] cloud-init[949]: |    ..o..+.+ . oo|
[   13.719883] cloud-init[949]: |   . o. . . . ...|
[   13.721446] cloud-init[949]: |    * oo..      .|
[   13.723688] cloud-init[949]: |   + +.oS.o    . |
[   13.732687] cloud-init[949]: |  .   .o.. o    .|
[   13.735317] cloud-init[949]: |       .+.. o . .|
[   13.737590] cloud-init[949]: |        oo.= + + |
[   13.740098] cloud-init[949]: |         ...*oo .|
[   13.741718] cloud-init[949]: +----[SHA256]-----+
[[0;32m  OK  [0m] Started Regular background program processing daemon.
         Starting System Logging Service...
         Starting Pollinate to seed the pseudo random number generator...
         Starting LSB: MD monitoring daemon...
[[0;32m  OK  [0m] Started FUSE filesystem for LXC.
         Starting LSB: Record successful boot for GRUB...
         Starting Accounts Service...
         Starting Snap Daemon...
         Starting LXD - container startup/shutdown...
         Starting Virtualbox guest utils...
         Starting /etc/rc.local Compatibility...
[[0;32m  OK  [0m] Started ACPI event daemon.
         Starting Login Service...
[[0;32m  OK  [0m] Started iSCSI initiator daemon (iscsid).
[[0;32m  OK  [0m] Started System Logging Service.
[[0;32m  OK  [0m] Started /etc/rc.local Compatibility.
         Starting Login to default iSCSI targets...
[[0;32m  OK  [0m] Started Login Service.
[[0;32m  OK  [0m] Started LSB: MD monitoring daemon.
[[0;32m  OK  [0m] Started Unattended Upgrades Shutdown.
[[0;32m  OK  [0m] Started LSB: Record successful boot for GRUB.
[[0;32m  OK  [0m] Started Login to default iSCSI targets.
[[0;32m  OK  [0m] Reached target Remote File Systems (Pre).
[[0;32m  OK  [0m] Reached target Remote File Systems.
         Starting LSB: automatic crash report generation...
         Starting LSB: daemon to balance interrupts for SMP systems...
         Starting LSB: Set the CPU Frequency Scaling governor to "ondemand"...
         Starting Permit User Sessions...
[[0;32m  OK  [0m] Started Permit User Sessions.
         Starting Terminate Plymouth Boot Screen...
         Starting Hold until boot process finishes up...
[[0;32m  OK  [0m] Started Hold until boot process finishes up.
         Starting Set console scheme...
[[0;32m  OK  [0m] Started Serial Getty on ttyS0.
[[0;32m  OK  [0m] Started Getty on tty1.
[[0;32m  OK  [0m] Reached target Login Prompts.
[[0;32m  OK  [0m] Started Terminate Plymouth Boot Screen.
[[0;32m  OK  [0m] Started Set console scheme.
         Starting Authenticate and Authorize Users to Run Privileged Tasks...
[[0;32m  OK  [0m] Started LSB: Set the CPU Frequency Scaling governor to "ondemand".
[[0;32m  OK  [0m] Started LSB: automatic crash report generation.
[[0;32m  OK  [0m] Started LSB: daemon to balance interrupts for SMP systems.
[[0;32m  OK  [0m] Started Authenticate and Authorize Users to Run Privileged Tasks.
[[0;32m  OK  [0m] Started Accounts Service.
[[0;32m  OK  [0m] Started Virtualbox guest utils.
[[0;32m  OK  [0m] Started LXD - container startup/shutdown.
[[0;32m  OK  [0m] Started Pollinate to seed the pseudo random number generator.
         Starting OpenBSD Secure Shell server...
[[0;32m  OK  [0m] Started Snap Daemon.
         Starting Wait until snapd is fully seeded...
[[0;32m  OK  [0m] Started OpenBSD Secure Shell server.
[[0;32m  OK  [0m] Started Wait until snapd is fully seeded.
         Starting Apply the settings specified in cloud-config...
[[0;32m  OK  [0m] Reached target Multi-User System.
[[0;32m  OK  [0m] Reached target Graphical Interface.
         Starting Update UTMP about System Runlevel Changes...
[[0;32m  OK  [0m] Started Update UTMP about System Runlevel Changes.
[   15.553154] cloud-init[1300]: Generating locales (this might take a while)...
[   16.491426] cloud-init[1300]:   en_US.UTF-8... done
[   16.493547] cloud-init[1300]: Generation complete.
[   16.925821] cloud-init[1300]: Cloud-init v. 21.1-19-gbad84ad4-0ubuntu1~16.04.2 running 'modules:config' at Wed, 22 Dec 2021 21:15:31 +0000. Up 15.43 seconds.
[[0;32m  OK  [0m] Started Apply the settings specified in cloud-config.
         Starting Execute cloud user/final scripts...
ci-info: no authorized SSH keys fingerprints found for user ubuntu.
<14>Dec 22 21:15:33 ec2: 
<14>Dec 22 21:15:33 ec2: #############################################################
<14>Dec 22 21:15:33 ec2: -----BEGIN SSH HOST KEY FINGERPRINTS-----
<14>Dec 22 21:15:33 ec2: 1024 SHA256:Mjy0EXLN5pNjDPXTQ9MFEhyk7KwfPQJ2Hq5D4xLwceY root@ubuntu-xenial (DSA)
<14>Dec 22 21:15:33 ec2: 256 SHA256:JEed7Kcn7ghdJ+bPanN8aNYugfwKoitX+8Dm87OrnOI root@ubuntu-xenial (ECDSA)
<14>Dec 22 21:15:33 ec2: 256 SHA256:BvsztV+igwNgWsP3IXBk/7+8/NkURW0VKSg9cEBiHVw root@ubuntu-xenial (ED25519)
<14>Dec 22 21:15:33 ec2: 2048 SHA256:FdwT4rAHCpu243NXxkxqnaRjhEqDwZgGOkyOiO3zUxI root@ubuntu-xenial (RSA)
<14>Dec 22 21:15:33 ec2: -----END SSH HOST KEY FINGERPRINTS-----
<14>Dec 22 21:15:33 ec2: #############################################################
-----BEGIN SSH HOST KEY KEYS-----
ecdsa-sha2-nistp256 AAAAE2VjZHNhLXNoYTItbmlzdHAyNTYAAAAIbmlzdHAyNTYAAABBBF/KDQojAsgtJIJ9CMr2sm6IN4ranTsp/XXyC8IBaaDXHwPHb7UiwIQjm3Wz2yKx5SYwM5SNMcZuNN8349kCQkY= root@ubuntu-xenial
ssh-ed25519 AAAAC3NzaC1lZDI1NTE5AAAAIE7H0Nk5PHMscmLcX2IUBB4FSbhzxy1vBxj9N9klS0L2 root@ubuntu-xenial
ssh-rsa AAAAB3NzaC1yc2EAAAADAQABAAABAQC+L4RGyDE3rqjfRzCk4ZX+Cyv39lrQ/OLX85RjkWe4xfvkPwkzXOjlfhaNoPJ7sq+pOor5KUv47BgempTl+b6GSgBrCq4pBaG193Asc875dfXhFVkB3Ma+WN56/jwLct361uyUxf76Xf8qs3srHz2Ir3XpSyxMzaxcl08eQewoZuOB9Yv4oRkcXOo3JLUHIdCGXk7IZRZuimGUbqTsiD45UZQP0OMSNU5ctq0khutGaKiUdGApVpfCvqZcoh3rMfjKCippbzLPdGbN4oCxqslml5ipX2ZEAn2SlYIh645+PtH/OR13lBNj+u5LVdI2S/TYe5oVMf/pKxdtWEkdEANR root@ubuntu-xenial
-----END SSH HOST KEY KEYS-----
[   17.511226] cloud-init[1345]: Cloud-init v. 21.1-19-gbad84ad4-0ubuntu1~16.04.2 running 'modules:final' at Wed, 22 Dec 2021 21:15:33 +0000. Up 17.27 seconds.
[   17.516081] cloud-init[1345]: ci-info: no authorized SSH keys fingerprints found for user ubuntu.
[   17.518854] cloud-init[1345]: Cloud-init v. 21.1-19-gbad84ad4-0ubuntu1~16.04.2 finished at Wed, 22 Dec 2021 21:15:34 +0000. Datasource DataSourceNoCloud [seed=/dev/sdb][dsmode=net].  Up 17.49 seconds
[[0;32m  OK  [0m] Started Execute cloud user/final scripts.
[[0;32m  OK  [0m] Reached target Cloud-init target.

Ubuntu 16.04.7 LTS ubuntu-xenial ttyS0

ubuntu-xenial login: 