[    0.000000] Initializing cgroup subsys cpuset
[    0.000000] Initializing cgroup subsys cpu
[    0.000000] Initializing cgroup subsys cpuacct
[    0.000000] Linux version 4.4.0-210-generic (buildd@lgw01-amd64-009) (gcc version 5.4.0 20160609 (Ubuntu 5.4.0-6ubuntu1~16.04.12) ) #242-Ubuntu SMP Fri Apr 16 09:57:56 UTC 2021 (Ubuntu 4.4.0-210.242-generic 4.4.262)
[    0.000000] Command line: BOOT_IMAGE=/boot/vmlinuz-4.4.0-210-generic root=LABEL=cloudimg-rootfs ro console=tty1 console=ttyS0
[    0.000000] KERNEL supported cpus:
[    0.000000]   Intel GenuineIntel
[    0.000000]   AMD AuthenticAMD
[    0.000000]   Centaur CentaurHauls
[    0.000000] x86/fpu: xstate_offset[2]:  576, xstate_sizes[2]:  256
[    0.000000] x86/fpu: Supporting XSAVE feature 0x01: 'x87 floating point registers'
[    0.000000] x86/fpu: Supporting XSAVE feature 0x02: 'SSE registers'
[    0.000000] x86/fpu: Supporting XSAVE feature 0x04: 'AVX registers'
[    0.000000] x86/fpu: Enabled xstate features 0x7, context size is 832 bytes, using 'standard' format.
[    0.000000] e820: BIOS-provided physical RAM map:
[    0.000000] BIOS-e820: [mem 0x0000000000000000-0x000000000009fbff] usable
[    0.000000] BIOS-e820: [mem 0x000000000009fc00-0x000000000009ffff] reserved
[    0.000000] BIOS-e820: [mem 0x00000000000f0000-0x00000000000fffff] reserved
[    0.000000] BIOS-e820: [mem 0x0000000000100000-0x000000003ffeffff] usable
[    0.000000] BIOS-e820: [mem 0x000000003fff0000-0x000000003fffffff] ACPI data
[    0.000000] BIOS-e820: [mem 0x00000000fec00000-0x00000000fec00fff] reserved
[    0.000000] BIOS-e820: [mem 0x00000000fee00000-0x00000000fee00fff] reserved
[    0.000000] BIOS-e820: [mem 0x00000000fffc0000-0x00000000ffffffff] reserved
[    0.000000] NX (Execute Disable) protection: active
[    0.000000] SMBIOS 2.5 present.
[    0.000000] Hypervisor detected: KVM
[    0.000000] e820: last_pfn = 0x3fff0 max_arch_pfn = 0x400000000
[    0.000000] MTRR: Disabled
[    0.000000] x86/PAT: MTRRs disabled, skipping PAT initialization too.
[    0.000000] CPU MTRRs all blank - virtualized system.
[    0.000000] x86/PAT: Configuration [0-7]: WB  WT  UC- UC  WB  WT  UC- UC  
[    0.000000] found SMP MP-table at [mem 0x0009fff0-0x0009ffff] mapped at [ffff88000009fff0]
[    0.000000] Scanning 1 areas for low memory corruption
[    0.000000] RAMDISK: [mem 0x362dc000-0x37165fff]
[    0.000000] ACPI: Early table checksum verification disabled
[    0.000000] ACPI: RSDP 0x00000000000E0000 000024 (v02 VBOX  )
[    0.000000] ACPI: XSDT 0x000000003FFF0030 00003C (v01 VBOX   VBOXXSDT 00000001 ASL  00000061)
[    0.000000] ACPI: FACP 0x000000003FFF00F0 0000F4 (v04 VBOX   VBOXFACP 00000001 ASL  00000061)
[    0.000000] ACPI: DSDT 0x000000003FFF0470 002325 (v02 VBOX   VBOXBIOS 00000002 INTL 20120111)
[    0.000000] ACPI: FACS 0x000000003FFF0200 000040
[    0.000000] ACPI: FACS 0x000000003FFF0200 000040
[    0.000000] ACPI: APIC 0x000000003FFF0240 00005C (v02 VBOX   VBOXAPIC 00000001 ASL  00000061)
[    0.000000] ACPI: SSDT 0x000000003FFF02A0 0001CC (v01 VBOX   VBOXCPUT 00000002 INTL 20120111)
[    0.000000] No NUMA configuration found
[    0.000000] Faking a node at [mem 0x0000000000000000-0x000000003ffeffff]
[    0.000000] NODE_DATA(0) allocated [mem 0x3ffeb000-0x3ffeffff]
[    0.000000] kvm-clock: Using msrs 4b564d01 and 4b564d00
[    0.000000] kvm-clock: cpu 0, msr 0:3ffe3001, primary cpu clock
[    0.000000] kvm-clock: using sched offset of 7872341330 cycles
[    0.000000] clocksource: kvm-clock: mask: 0xffffffffffffffff max_cycles: 0x1cd42e4dffb, max_idle_ns: 881590591483 ns
[    0.000000] Zone ranges:
[    0.000000]   DMA      [mem 0x0000000000001000-0x0000000000ffffff]
[    0.000000]   DMA32    [mem 0x0000000001000000-0x000000003ffeffff]
[    0.000000]   Normal   empty
[    0.000000]   Device   empty
[    0.000000] Movable zone start for each node
[    0.000000] Early memory node ranges
[    0.000000]   node   0: [mem 0x0000000000001000-0x000000000009efff]
[    0.000000]   node   0: [mem 0x0000000000100000-0x000000003ffeffff]
[    0.000000] Initmem setup node 0 [mem 0x0000000000001000-0x000000003ffeffff]
[    0.000000] ACPI: PM-Timer IO Port: 0x4008
[    0.000000] IOAPIC[0]: apic_id 2, version 32, address 0xfec00000, GSI 0-23
[    0.000000] ACPI: INT_SRC_OVR (bus 0 bus_irq 0 global_irq 2 dfl dfl)
[    0.000000] ACPI: INT_SRC_OVR (bus 0 bus_irq 9 global_irq 9 low level)
[    0.000000] Using ACPI (MADT) for SMP configuration information
[    0.000000] smpboot: Allowing 2 CPUs, 0 hotplug CPUs
[    0.000000] PM: Registered nosave memory: [mem 0x00000000-0x00000fff]
[    0.000000] PM: Registered nosave memory: [mem 0x0009f000-0x0009ffff]
[    0.000000] PM: Registered nosave memory: [mem 0x000a0000-0x000effff]
[    0.000000] PM: Registered nosave memory: [mem 0x000f0000-0x000fffff]
[    0.000000] e820: [mem 0x40000000-0xfebfffff] available for PCI devices
[    0.000000] Booting paravirtualized kernel on KVM
[    0.000000] clocksource: refined-jiffies: mask: 0xffffffff max_cycles: 0xffffffff, max_idle_ns: 7645519600211568 ns
[    0.000000] setup_percpu: NR_CPUS:512 nr_cpumask_bits:512 nr_cpu_ids:2 nr_node_ids:1
[    0.000000] PERCPU: Embedded 33 pages/cpu @ffff88003fc00000 s95192 r8192 d31784 u1048576
[    0.000000] Built 1 zonelists in Node order, mobility grouping on.  Total pages: 257912
[    0.000000] Policy zone: DMA32
[    0.000000] Kernel command line: BOOT_IMAGE=/boot/vmlinuz-4.4.0-210-generic root=LABEL=cloudimg-rootfs ro console=tty1 console=ttyS0
[    0.000000] PID hash table entries: 4096 (order: 3, 32768 bytes)
[    0.000000] Memory: 997792K/1048120K available (8644K kernel code, 1332K rwdata, 4044K rodata, 1492K init, 1164K bss, 50328K reserved, 0K cma-reserved)
[    0.000000] SLUB: HWalign=64, Order=0-3, MinObjects=0, CPUs=2, Nodes=1
[    0.000000] Kernel/User page tables isolation: enabled
[    0.000000] Hierarchical RCU implementation.
[    0.000000] 	Build-time adjustment of leaf fanout to 64.
[    0.000000] 	RCU restricting CPUs from NR_CPUS=512 to nr_cpu_ids=2.
[    0.000000] RCU: Adjusting geometry for rcu_fanout_leaf=64, nr_cpu_ids=2
[    0.000000] NR_IRQS:33024 nr_irqs:440 16
[    0.000000] Console: colour VGA+ 80x25
[    0.000000] console [tty1] enabled
[    0.000000] console [ttyS0] enabled
[    0.000000] tsc: Detected 2299.998 MHz processor
[    1.062283] Calibrating delay loop (skipped) preset value.. 4599.99 BogoMIPS (lpj=9199992)
[    1.068165] pid_max: default: 32768 minimum: 301
[    1.072849] ACPI: Core revision 20150930
[    1.076606] ACPI: 2 ACPI AML tables successfully acquired and loaded
[    1.099181] Security Framework initialized
[    1.107497] Yama: becoming mindful.
[    1.109368] AppArmor: AppArmor initialized
[    1.112717] Dentry cache hash table entries: 131072 (order: 8, 1048576 bytes)
[    1.134370] Inode-cache hash table entries: 65536 (order: 7, 524288 bytes)
[    1.147901] Mount-cache hash table entries: 2048 (order: 2, 16384 bytes)
[    1.164186] Mountpoint-cache hash table entries: 2048 (order: 2, 16384 bytes)
[    1.192613] Initializing cgroup subsys io
[    1.205904] Initializing cgroup subsys memory
[    1.214277] Initializing cgroup subsys devices
[    1.233010] Initializing cgroup subsys freezer
[    1.241994] Initializing cgroup subsys net_cls
[    1.245349] Initializing cgroup subsys perf_event
[    1.262829] Initializing cgroup subsys net_prio
[    1.268163] Initializing cgroup subsys hugetlb
[    1.275779] Initializing cgroup subsys pids
[    1.302395] mce: CPU supports 0 MCE banks
[    1.307070] Last level iTLB entries: 4KB 1024, 2MB 1024, 4MB 1024
[    1.315085] Last level dTLB entries: 4KB 1024, 2MB 1024, 4MB 1024, 1GB 4
[    1.329806] Spectre V1 : Mitigation: usercopy/swapgs barriers and __user pointer sanitization
[    1.339853] Spectre V2 : Mitigation: Full generic retpoline
[    1.343252] Spectre V2 : Spectre v2 / SpectreRSB mitigation: Filling RSB on context switch
[    1.361018] Speculative Store Bypass: Vulnerable
[    1.364271] SRBDS: Unknown: Dependent on hypervisor status
[    1.368524] MDS: Mitigation: Clear CPU buffers
[    1.394456] Freeing SMP alternatives memory: 36K
[    1.411435] ftrace: allocating 32380 entries in 127 pages
[    1.742595] smpboot: APIC(0) Converting physical 0 to logical package 0
[    1.772121] smpboot: Max logical packages: 1
[    1.786500] x2apic enabled
[    1.796660] Switched APIC routing to physical x2apic.
[    1.803498] ..TIMER: vector=0x30 apic1=0 pin1=2 apic2=-1 pin2=-1
[    1.921574] APIC calibration not consistent with PM-Timer: 93ms instead of 100ms
[    1.928012] APIC delta adjusted to PM-Timer: 6269531 (5878809)
[    1.930386] smpboot: CPU0: Intel(R) Core(TM) i7-4650U CPU @ 1.70GHz (family: 0x6, model: 0x45, stepping: 0x1)
[    1.942084] Performance Events: unsupported p6 CPU model 69 no PMU driver, software events only.
[    1.982086] KVM setup paravirtual spinlock
[    1.993585] x86: Booting SMP configuration:
[    1.995773] .... node  #0, CPUs:      #1
[    2.010501] kvm-clock: cpu 1, msr 0:3ffe3041, secondary cpu clock
[    2.038474] mce: CPU supports 0 MCE banks
[    2.099585] x86: Booted up 1 node, 2 CPUs
[    2.110726] smpboot: Total of 2 processors activated (9199.99 BogoMIPS)
[    2.116224] devtmpfs: initialized
[    2.128487] evm: security.selinux
[    2.130236] evm: security.SMACK64
[    2.132956] evm: security.SMACK64EXEC
[    2.134960] evm: security.SMACK64TRANSMUTE
[    2.145969] evm: security.SMACK64MMAP
[    2.158067] evm: security.ima
[    2.161438] evm: security.capability
[    2.167243] clocksource: jiffies: mask: 0xffffffff max_cycles: 0xffffffff, max_idle_ns: 7645041785100000 ns
[    2.183384] futex hash table entries: 512 (order: 3, 32768 bytes)
[    2.195293] pinctrl core: initialized pinctrl subsystem
[    2.200832] RTC time: 11:47:57, date: 12/01/21
[    2.213694] NET: Registered protocol family 16
[    2.237035] cpuidle: using governor ladder
[    2.252274] cpuidle: using governor menu
[    2.257052] PCCT header not found.
[    2.260677] ACPI: bus type PCI registered
[    2.262216] acpiphp: ACPI Hot Plug PCI Controller Driver version: 0.5
[    2.287536] PCI: Using configuration type 1 for base access
[    2.312752] ACPI: Added _OSI(Module Device)
[    2.314800] ACPI: Added _OSI(Processor Device)
[    2.316757] ACPI: Added _OSI(3.0 _SCP Extensions)
[    2.325072] ACPI: Added _OSI(Processor Aggregator Device)
[    2.329160] ACPI: Executed 1 blocks of module-level executable AML code
[    2.336236] ACPI: Interpreter enabled
[    2.341569] ACPI: (supports S0 S5)
[    2.343147] ACPI: Using IOAPIC for interrupt routing
[    2.346899] PCI: Using host bridge windows from ACPI; if necessary, use "pci=nocrs" and report a bug
[    2.371170] ACPI: PCI Root Bridge [PCI0] (domain 0000 [bus 00-ff])
[    2.373947] acpi PNP0A03:00: _OSC: OS supports [ASPM ClockPM Segments MSI]
[    2.377210] acpi PNP0A03:00: _OSC: not requesting OS control; OS requires [ExtendedConfig ASPM ClockPM MSI]
[    2.395537] acpi PNP0A03:00: fail to add MMCONFIG information, can't access extended PCI configuration space under this bridge.
[    2.402060] PCI host bridge to bus 0000:00
[    2.407243] pci_bus 0000:00: root bus resource [io  0x0000-0x0cf7 window]
[    2.412299] pci_bus 0000:00: root bus resource [io  0x0d00-0xffff window]
[    2.428330] pci_bus 0000:00: root bus resource [mem 0x000a0000-0x000bffff window]
[    2.433144] pci_bus 0000:00: root bus resource [mem 0x40000000-0xfdffffff window]
[    2.443648] pci_bus 0000:00: root bus resource [bus 00-ff]
[    2.479715] pci 0000:00:01.1: legacy IDE quirk: reg 0x10: [io  0x01f0-0x01f7]
[    2.509357] pci 0000:00:01.1: legacy IDE quirk: reg 0x14: [io  0x03f6]
[    2.517649] pci 0000:00:01.1: legacy IDE quirk: reg 0x18: [io  0x0170-0x0177]
[    2.540209] pci 0000:00:01.1: legacy IDE quirk: reg 0x1c: [io  0x0376]
[    2.665394] pci 0000:00:07.0: quirk: [io  0x4000-0x403f] claimed by PIIX4 ACPI
[    2.682459] pci 0000:00:07.0: quirk: [io  0x4100-0x410f] claimed by PIIX4 SMB
[    2.767730] ACPI: PCI Interrupt Link [LNKA] (IRQs 5 9 10 *11)
[    2.782396] ACPI: PCI Interrupt Link [LNKB] (IRQs 5 9 *10 11)
[    2.794313] ACPI: PCI Interrupt Link [LNKC] (IRQs 5 *9 10 11)
[    2.799152] ACPI: PCI Interrupt Link [LNKD] (IRQs 5 9 10 *11)
[    2.809894] ACPI: Enabled 2 GPEs in block 00 to 07
[    2.817822] vgaarb: setting as boot device: PCI:0000:00:02.0
[    2.851412] vgaarb: device added: PCI:0000:00:02.0,decodes=io+mem,owns=io+mem,locks=none
[    2.869428] vgaarb: loaded
[    2.882614] vgaarb: bridge control possible 0000:00:02.0
[    2.897038] SCSI subsystem initialized
[    2.911427] ACPI: bus type USB registered
[    2.918089] usbcore: registered new interface driver usbfs
[    2.943072] usbcore: registered new interface driver hub
[    2.951335] usbcore: registered new device driver usb
[    3.005302] PCI: Using ACPI for IRQ routing
[    3.031104] NetLabel: Initializing
[    3.039722] NetLabel:  domain hash size = 128
[    3.099469] NetLabel:  protocols = UNLABELED CIPSOv4
[    3.114761] NetLabel:  unlabeled traffic allowed by default
[    3.132970] amd_nb: Cannot enumerate AMD northbridges
[    3.142613] clocksource: Switched to clocksource kvm-clock
[    3.196612] AppArmor: AppArmor Filesystem Enabled
[    3.200322] pnp: PnP ACPI init
[    3.212521] pnp: PnP ACPI: found 3 devices
[    3.296914] clocksource: acpi_pm: mask: 0xffffff max_cycles: 0xffffff, max_idle_ns: 2085701024 ns
[    3.315694] NET: Registered protocol family 2
[    3.327932] TCP established hash table entries: 8192 (order: 4, 65536 bytes)
[    3.334304] TCP bind hash table entries: 8192 (order: 5, 131072 bytes)
[    3.352926] TCP: Hash tables configured (established 8192 bind 8192)
[    3.369203] UDP hash table entries: 512 (order: 2, 16384 bytes)
[    3.383681] UDP-Lite hash table entries: 512 (order: 2, 16384 bytes)
[    3.407786] NET: Registered protocol family 1
[    3.413090] pci 0000:00:00.0: Limiting direct PCI/PCI transfers
[    3.416032] pci 0000:00:01.0: Activating ISA DMA hang workarounds
[    3.435363] Unpacking initramfs...
[    3.954096] Freeing initrd memory: 14888K
[    3.966072] RAPL PMU detected, API unit is 2^-32 Joules, 4 fixed counters 10737418240 ms ovfl timer
[    3.974012] hw unit of domain pp0-core 2^-0 Joules
[    3.980839] hw unit of domain package 2^-0 Joules
[    3.984937] hw unit of domain dram 2^-0 Joules
[    3.989844] hw unit of domain pp1-gpu 2^-0 Joules
[    4.000403] clocksource: tsc: mask: 0xffffffffffffffff max_cycles: 0x212733415c7, max_idle_ns: 440795236380 ns
[    4.011469] platform rtc_cmos: registered platform RTC device (no PNP device found)
[    4.039171] Scanning for low memory corruption every 60 seconds
[    4.083309] audit: initializing netlink subsys (disabled)
[    4.101301] audit: type=2000 audit(1638359286.561:1): initialized
[    4.117668] Initialise system trusted keyring
[    4.130993] HugeTLB registered 2 MB page size, pre-allocated 0 pages
[    4.137324] zbud: loaded
[    4.143224] VFS: Disk quotas dquot_6.6.0
[    4.148507] VFS: Dquot-cache hash table entries: 512 (order 0, 4096 bytes)
[    4.151433] squashfs: version 4.0 (2009/01/31) Phillip Lougher
[    4.164251] fuse init (API version 7.23)
[    4.167896] Key type big_key registered
[    4.170914] Allocating IMA MOK and blacklist keyrings.
[    4.203345] Key type asymmetric registered
[    4.210032] Asymmetric key parser 'x509' registered
[    4.217281] Block layer SCSI generic (bsg) driver version 0.4 loaded (major 249)
[    4.233263] io scheduler noop registered
[    4.242673] io scheduler deadline registered (default)
[    4.250803] io scheduler cfq registered
[    4.400760] pci_hotplug: PCI Hot Plug PCI Core version: 0.5
[    4.435063] pciehp: PCI Express Hot Plug Controller Driver version: 0.4
[    4.517860] ACPI: AC Adapter [AC] (on-line)
[    4.547276] input: Power Button as /devices/LNXSYSTM:00/LNXPWRBN:00/input/input0
[    4.574933] ACPI: Power Button [PWRF]
[    4.583852] input: Sleep Button as /devices/LNXSYSTM:00/LNXSLPBN:00/input/input1
[    4.609996] ACPI: Sleep Button [SLPF]
[    4.617057] GHES: HEST is not enabled!
[    4.643581] ACPI: Battery Slot [BAT0] (battery present)
[    4.664931] Serial: 8250/16550 driver, 32 ports, IRQ sharing enabled
[    4.697324] 00:02: ttyS0 at I/O 0x3f8 (irq = 4, base_baud = 115200) is a 16550A
[    4.780174] Linux agpgart interface v0.103
[    4.817808] loop: module loaded
[    4.849409] scsi host0: ata_piix
[    4.866932] scsi host1: ata_piix
[    4.872148] ata1: PATA max UDMA/33 cmd 0x1f0 ctl 0x3f6 bmdma 0xd000 irq 14
[    4.881077] ata2: PATA max UDMA/33 cmd 0x170 ctl 0x376 bmdma 0xd008 irq 15
[    4.896006] libphy: Fixed MDIO Bus: probed
[    4.905098] tun: Universal TUN/TAP device driver, 1.6
[    4.917013] tun: (C) 1999-2004 Max Krasnyansky <maxk@qualcomm.com>
[    4.936997] PPP generic driver version 2.4.2
[    4.942325] ehci_hcd: USB 2.0 'Enhanced' Host Controller (EHCI) Driver
[    4.975295] ehci-pci: EHCI PCI platform driver
[    4.985885] ehci-platform: EHCI generic platform driver
[    5.007277] ohci_hcd: USB 1.1 'Open' Host Controller (OHCI) Driver
[    5.030955] ohci-pci: OHCI PCI platform driver
[    5.039176] ohci-platform: OHCI generic platform driver
[    5.117760] uhci_hcd: USB Universal Host Controller Interface driver
[    5.137132] i8042: PNP: PS/2 Controller [PNP0303:PS2K,PNP0f03:PS2M] at 0x60,0x64 irq 1,12
[    5.143311] serio: i8042 KBD port at 0x60,0x64 irq 1
[    5.150532] serio: i8042 AUX port at 0x60,0x64 irq 12
[    5.158031] mousedev: PS/2 mouse device common for all mice
[    5.167437] rtc_cmos rtc_cmos: rtc core: registered rtc_cmos as rtc0
[    5.171093] rtc_cmos rtc_cmos: alarms up to one day, 114 bytes nvram
[    5.171103] input: AT Translated Set 2 keyboard as /devices/platform/i8042/serio0/input/input2
[    5.185890] i2c /dev entries driver
[    5.208286] device-mapper: uevent: version 1.0.3
[    5.232737] device-mapper: ioctl: 4.34.0-ioctl (2015-10-28) initialised: dm-devel@redhat.com
[    5.240189] ledtrig-cpu: registered to indicate activity on CPUs
[    5.247319] NET: Registered protocol family 10
[    5.254056] NET: Registered protocol family 17
[    5.257486] Key type dns_resolver registered
[    5.260940] registered taskstats version 1
[    5.269477] Loading compiled-in X.509 certificates
[    5.276750] Loaded X.509 cert 'Build time autogenerated kernel key: cf00e047681d67edb2720680708b7d9498083038'
[    5.294723] zswap: loaded using pool lzo/zbud
[    5.302372] Key type trusted registered
[    5.313003] Key type encrypted registered
[    5.317913] AppArmor: AppArmor sha1 policy hashing enabled
[    5.321762] ima: No TPM chip found, activating TPM-bypass!
[    5.327875] ima: Allocated hash algorithm: sha1
[    5.333375] evm: HMAC attrs: 0x1
[    5.341746]   Magic number: 1:513:781
[    5.349732] rtc_cmos rtc_cmos: setting system clock to 2021-12-01 11:48:00 UTC (1638359280)
[    5.357131] BIOS EDD facility v0.16 2004-Jun-25, 0 devices found
[    5.368267] EDD information not available.
[    5.375356] Freeing unused kernel memory: 1492K
[    5.399296] Write protecting the kernel read-only data: 14336k
[    5.402437] Freeing unused kernel memory: 1584K
[    5.405132] Freeing unused kernel memory: 52K
Loading, please wait...
starting version[    5.457140] random: systemd-udevd: uninitialized urandom read (16 bytes read, 3 bits of entropy available)
 229
[    5.462234] random: udevadm: uninitialized urandom read (16 bytes read, 3 bits of entropy available)
[    5.462281] random: udevadm: uninitialized urandom read (16 bytes read, 3 bits of entropy available)
[    5.500876] random: udevadm: uninitialized urandom read (16 bytes read, 3 bits of entropy available)
[    5.500961] random: udevadm: uninitialized urandom read (16 bytes read, 3 bits of entropy available)
[    5.501271] random: udevadm: uninitialized urandom read (16 bytes read, 3 bits of entropy available)
[    5.501706] random: udevadm: uninitialized urandom read (16 bytes read, 3 bits of entropy available)
[    5.501836] random: udevadm: uninitialized urandom read (16 bytes read, 3 bits of entropy available)
[    5.502039] random: udevadm: uninitialized urandom read (16 bytes read, 3 bits of entropy available)
[    5.504275] random: udevadm: uninitialized urandom read (16 bytes read, 3 bits of entropy available)
[    5.775987] e1000: Intel(R) PRO/1000 Network Driver - version 7.3.21-k8-NAPI
[    5.802363] e1000: Copyright (c) 1999-2006 Intel Corporation.
[    5.818986] Fusion MPT base driver 3.04.20
[    5.842433] Copyright (c) 1999-2008 LSI Corporation
[    5.892579] Fusion MPT SPI Host driver 3.04.20
[    6.144783] AVX2 version of gcm_enc/dec engaged.
[    6.174315] AES CTR mode by8 optimization enabled
[    6.365080] input: ImExPS/2 Generic Explorer Mouse as /devices/platform/i8042/serio1/input/input4
[    7.130896] e1000 0000:00:03.0 eth0: (PCI:33MHz:32-bit) 02:be:82:6b:cc:1d
[    7.136274] e1000 0000:00:03.0 eth0: Intel(R) PRO/1000 Network Connection
[    7.140780] mptbase: ioc0: Initiating bringup
[    7.208323] ioc0: LSI53C1030 A0: Capabilities={Initiator}
[    7.378465] scsi host2: ioc0: LSI53C1030 A0, FwRev=00000000h, Ports=1, MaxQ=256, IRQ=20
[    7.496062] scsi 2:0:0:0: Direct-Access     VBOX     HARDDISK         1.0  PQ: 0 ANSI: 5
[    7.510059] scsi target2:0:0: Beginning Domain Validation
[    7.547484] scsi target2:0:0: Domain Validation skipping write tests
[    7.560914] scsi target2:0:0: Ending Domain Validation
[    7.579585] scsi target2:0:0: asynchronous
[    7.612112] scsi 2:0:1:0: Direct-Access     VBOX     HARDDISK         1.0  PQ: 0 ANSI: 5
[    7.763323] scsi target2:0:1: Beginning Domain Validation
[    7.802907] scsi target2:0:1: Domain Validation skipping write tests
[    7.811252] scsi target2:0:1: Ending Domain Validation
[    7.820324] scsi target2:0:1: asynchronous
[    8.008202] sd 2:0:0:0: Attached scsi generic sg0 type 0
[    8.024819] sd 2:0:1:0: Attached scsi generic sg1 type 0
[    8.038923] sd 2:0:0:0: [sda] 83886080 512-byte logical blocks: (42.9 GB/40.0 GiB)
[    8.080850] sd 2:0:1:0: [sdb] 20480 512-byte logical blocks: (10.5 MB/10.0 MiB)
[    8.116293] sd 2:0:0:0: [sda] Write Protect is off
[    8.232619] sd 2:0:1:0: [sdb] Write Protect is off
[    8.275710] sd 2:0:0:0: [sda] Incomplete mode parameter data
[    8.297955] sd 2:0:0:0: [sda] Assuming drive cache: write through
[    8.316063] sd 2:0:1:0: [sdb] Incomplete mode parameter data
[    8.344932] sd 2:0:1:0: [sdb] Assuming drive cache: write through
[    8.377018]  sda: sda1
[    8.485094] sd 2:0:0:0: [sda] Attached SCSI disk
[    8.514086] sd 2:0:1:0: [sdb] Attached SCSI disk
[    9.269195] e1000 0000:00:08.0 eth1: (PCI:33MHz:32-bit) 08:00:27:8c:3b:19
[    9.273893] e1000 0000:00:08.0 eth1: Intel(R) PRO/1000 Network Connection
[    9.282588] e1000 0000:00:03.0 enp0s3: renamed from eth0
[    9.299739] e1000 0000:00:08.0 enp0s8: renamed from eth1
Begin: Loading essential drivers ... [   11.422848] md: linear personality registered for level -1
[   11.453695] md: multipath personality registered for level -4
[   11.488086] md: raid0 personality registered for level 0
[   11.526572] md: raid1 personality registered for level 1
[   11.618889] raid6: sse2x1   gen()  2449 MB/s
[   11.695121] raid6: sse2x1   xor()   910 MB/s
[   11.770675] raid6: sse2x2   gen()  2123 MB/s
[   11.855165] raid6: sse2x2   xor()  2232 MB/s
[   11.942690] raid6: sse2x4   gen()  2087 MB/s
[   12.016138] raid6: sse2x4   xor()  2302 MB/s
[   12.094894] raid6: avx2x1   gen()  5501 MB/s
[   12.171028] raid6: avx2x2   gen()  6503 MB/s
[   12.242730] raid6: avx2x4   gen() 10245 MB/s
[   12.244855] raid6: using algorithm avx2x4 gen() 10245 MB/s
[   12.250923] raid6: using avx2x2 recovery algorithm
[   12.256131] xor: automatically using best checksumming function:
[   12.302910]    avx       : 15285.000 MB/sec
[   12.314483] async_tx: api initialized (async)
[   12.348379] md: raid6 personality registered for level 6
[   12.354217] md: raid5 personality registered for level 5
[   12.357346] md: raid4 personality registered for level 4
[   12.383527] md: raid10 personality registered for level 10
done.
Begin: Running /scripts/init-premount ... done.
Begin: Mounting root file system ... Begin: Running /scripts/local-top ... done.
Begin: Running /scripts/local-premount ... [   12.521448] Btrfs loaded
Scanning for Btrfs filesystems
done.
Warning: fsck not present, so skipping root file system
[   12.652312] EXT4-fs (sda1): mounted filesystem with ordered data mode. Opts: (null)
done.
Begin: Running /scripts/local-bottom ... done.
Begin: Running /scripts/init-bottom ... done.
[   13.183188] systemd[1]: systemd 229 running in system mode. (+PAM +AUDIT +SELINUX +IMA +APPARMOR +SMACK +SYSVINIT +UTMP +LIBCRYPTSETUP +GCRYPT +GNUTLS +ACL +XZ -LZ4 +SECCOMP +BLKID +ELFUTILS +KMOD -IDN)
[   13.231248] systemd[1]: Detected virtualization oracle.
[   13.236330] systemd[1]: Detected architecture x86-64.

Welcome to [1mUbuntu 16.04.7 LTS[0m!

[   13.271517] systemd[1]: Set hostname to <ubuntu>.
[   13.292068] systemd[1]: Initializing machine ID from random generator.
[   13.321281] systemd[1]: Installed transient /etc/machine-id file.
[   13.663683] random: nonblocking pool is initialized
[   14.108458] systemd[1]: Started Trigger resolvconf update for networkd DNS.
[[0;32m  OK  [0m] Started Trigger resolvconf update for networkd DNS.
[   14.127393] systemd[1]: Listening on Device-mapper event daemon FIFOs.
[[0;32m  OK  [0m] Listening on Device-mapper event daemon FIFOs.
[   14.143522] systemd[1]: Set up automount Arbitrary Executable File Formats File System Automount Point.
[[0;32m  OK  [0m] Set up automount Arbitrary Executab...ats File System Automount Point.
[   14.157465] systemd[1]: Listening on Journal Socket.
[[0;32m  OK  [0m] Listening on Journal Socket.
[   14.181386] systemd[1]: Reached target Encrypted Volumes.
[[0;32m  OK  [0m] Reached target Encrypted Volumes.
[   14.188228] systemd[1]: Reached target System Time Synchronized.
[[0;32m  OK  [0m] Reached target System Time Synchronized.
[   14.199893] systemd[1]: Listening on udev Control Socket.
[[0;32m  OK  [0m] Listening on udev Control Socket.
[   14.207098] systemd[1]: Reached target Swap.
[[0;32m  OK  [0m] Reached target Swap.
[   14.213052] systemd[1]: Listening on udev Kernel Socket.
[[0;32m  OK  [0m] Listening on udev Kernel Socket.
[   14.224704] systemd[1]: Listening on LVM2 metadata daemon socket.
[[0;32m  OK  [0m] Listening on LVM2 metadata daemon socket.
[   14.236257] systemd[1]: Created slice System Slice.
[[0;32m  OK  [0m] Created slice System Slice.
[   14.256212] systemd[1]: Mounting POSIX Message Queue File System...
         Mounting POSIX Message Queue File System...
[   14.268384] systemd[1]: Starting Monitoring of LVM2 mirrors, snapshots etc. using dmeventd or progress polling...
         Starting Monitoring of LVM2 mirrors... dmeventd or progress polling...
[   14.343781] systemd[1]: Starting Load Kernel Modules...
         Starting Load Kernel Modules...
[   14.365417] systemd[1]: Mounting Debug File System...
         Mounting Debug File System...
[   14.385232] systemd[1]: Created slice system-serial\x2dgetty.slice.
[   14.393640] Loading iSCSI transport class v2.0-870.
[[0;32m  OK  [0m] Created slice system-serial\x2dgetty.slice.
[   14.423189] systemd[1]: Starting Create list of required static device nodes for the current kernel...
[   14.423218] iscsi: registered transport (tcp)
         Starting Create list of required st... nodes for the current kernel...
[   14.484187] systemd[1]: Starting Set console keymap...
         Starting Set console keymap...
[   14.522492] systemd[1]: Listening on Journal Audit Socket.
[[0;32m  OK  [0m] Listening on Journal Audit Socket.
[   14.560309] systemd[1]: Created slice User and Session Slice.
[[0;32m  OK  [0m] Created slice User and Session Slice.
[   14.583172] systemd[1]: Listening on /dev/initctl Compatibility Named Pipe.
[[0;32m  OK  [0m] Listening on /dev/initctl Compatibility Named Pipe.
[   14.608910] systemd[1]: Reached target Slices.
[[0;32m  OK  [0m] Reached target Slices.
[   14.639095] systemd[1]: Mounting Huge Pages File System...
         Mounting Huge Pages File System...
[   14.661348] systemd[1]: Listening on Journal Socket (/dev/log).
[[0;32m  OK  [0m] Listening on Journal Socket (/dev/log).
[   14.711185] iscsi: registered transport (iser)
[   14.759217] systemd[1]: Starting Uncomplicated firewall...
         Starting Uncomplicated firewall...
[   14.816422] systemd[1]: Listening on Syslog Socket.
[[0;32m  OK  [0m] Listening on Syslog Socket.
[   14.860505] systemd[1]: Starting Journal Service...
         Starting Journal Service...
[   14.893382] systemd[1]: Reached target User and Group Name Lookups.
[[0;32m  OK  [0m] Reached target User and Group Name Lookups.
[   14.925319] systemd[1]: Listening on fsck to fsckd communication Socket.
[[0;32m  OK  [0m] Listening on fsck to fsckd communication Socket.
[   14.965704] systemd[1]: Listening on LVM2 poll daemon socket.
[[0;32m  OK  [0m] Listening on LVM2 poll daemon socket.
[   14.982377] systemd[1]: Started Forward Password Requests to Wall Directory Watch.
[[0;32m  OK  [0m] Started Forward Password Requests to Wall Directory Watch.
[   15.047699] systemd[1]: Starting File System Check on Root Device...
         Starting File System Check on Root Device...
[   15.070490] systemd[1]: Starting Nameserver information manager...
         Starting Nameserver information manager...
[   15.098497] systemd[1]: Mounted Huge Pages File System.
[[0;32m  OK  [0m] Mounted Huge Pages File System.
[   15.124941] systemd[1]: Mounted POSIX Message Queue File System.
[[0;32m  OK  [0m] Mounted POSIX Message Queue File System.
[   15.163454] systemd[1]: Mounted Debug File System.
[[0;32m  OK  [0m] Mounted Debug File System.
[   15.263305] systemd[1]: Started Journal Service.
[[0;32m  OK  [0m] Started Journal Service.
[[0;32m  OK  [0m] Started Load Kernel Modules.
[[0;32m  OK  [0m] Started Create list of required sta...ce nodes for the current kernel.
[[0;32m  OK  [0m] Started Set console keymap.
[[0;32m  OK  [0m] Started Uncomplicated firewall.
[[0;32m  OK  [0m] Started File System Check on Root Device.
[[0;32m  OK  [0m] Started Nameserver information manager.
[[0;32m  OK  [0m] Started LVM2 metadata daemon.
[[0;32m  OK  [0m] Started File System Check Daemon to report status.
         Starting Remount Root and Kernel File Systems...
         Starting Create Static Device Nodes in /dev...
         Mounting FUSE Control File System...
         [   15.522803] EXT4-fs (sda1): re-mounted. Opts: (null)
Starting Apply Kernel Variables...
[[0;32m  OK  [0m] Mounted FUSE Control File System.
[[0;32m  OK  [0m] Started Remount Root and Kernel File Systems.
[[0;32m  OK  [0m] Started Monitoring of LVM2 mirrors,...ng dmeventd or progress polling.
[[0;32m  OK  [0m] Started Apply Kernel Variables.
[[0;32m  OK  [0m] Started Create Static Device Nodes in /dev.
         Starting udev Kernel Device Manager...
         Starting Load/Save Random Seed...
         Starting Flush Journal to Persistent Storage...
         Starting udev Coldplug all Devices...
[[0;32m  OK  [0m] Reached target Local File Systems (Pre).
[[0;32m  OK  [0m] Reached target Local File Systems.
         Starting LSB: AppArmor initialization...
         Starting Set console font and keymap...
         Starting Commit a transient machine-id on disk...
         Starting Tell Plymouth To Write Out Runtime Data...
         Starting Initial cloud-init job (pre-networking)...
[[0;32m  OK  [0m] Started Load/Save Random Seed.
[[0;32m  OK  [0m] Started Commit a transient machine-id on disk.
[[0;32m  OK  [0m] Started Tell Plymouth To Write Out Runtime Data.
[[0;32m  OK  [0m] Started udev Kernel Device Manager.
[[0;32m  OK  [0m] Started Flush Journal to Persistent Storage.
         Starting Create Volatile Files and Directories...
[[0;32m  OK  [0m] Started udev Coldplug all Devices.
[[0;32m  OK  [0m] Started Dispatch Password Requests to Console Directory Watch.
[[0;32m  OK  [0m] Started Create Volatile Files and Directories.
         Starting Update UTMP about System Boot/Shutdown...
[[0;32m  OK  [0m] Started Update UTMP about System Boot/Shutdown.
[[0;32m  OK  [0m] Found device /dev/ttyS0.
[[0;32m  OK  [0m] Listening on Load/Save RF Kill Switch Status /dev/rfkill Watch.
[[0;32m  OK  [0m] Started Set console font and keymap.
[[0;32m  OK  [0m] Created slice system-getty.slice.
[[0;32m  OK  [0m] Started LSB: AppArmor initialization.
         Starting Load AppArmor profiles managed internally by snapd...
[[0;32m  OK  [0m] Started Load AppArmor profiles managed internally by snapd.
[   22.998598] cloud-init[487]: Cloud-init v. 21.1-19-gbad84ad4-0ubuntu1~16.04.2 running 'init-local' at Wed, 01 Dec 2021 11:48:17 +0000. Up 20.42 seconds.
[[0;32m  OK  [0m] Started Initial cloud-init job (pre-networking).
[[0;32m  OK  [0m] Reached target Network (Pre).
         Starting Raise network interfaces...
[[0;32m  OK  [0m] Started Raise network interfaces.
         Starting Initial cloud-init job (metadata service crawler)...
[[0;32m  OK  [0m] Reached target Network.
[   33.537784] cloud-init[969]: Cloud-init v. 21.1-19-gbad84ad4-0ubuntu1~16.04.2 running 'init' at Wed, 01 Dec 2021 11:48:24 +0000. Up 27.01 seconds.
[   33.564009] cloud-init[969]: ci-info: ++++++++++++++++++++++++++++++++++++++Net device info+++++++++++++++++++++++++++++++++++++++
[   33.583857] cloud-init[969]: ci-info: +--------+-------+----------------------------+---------------+--------+-------------------+
[   33.595318] cloud-init[969]: ci-info: | Device |   Up  |          Address           |      Mask     | Scope  |     Hw-Address    |
[   33.723330] cloud-init[969]: ci-info: +--------+-------+----------------------------+---------------+--------+-------------------+
[   33.729438] cloud-init[969]: ci-info: | enp0s3 |  True |         10.0.2.15          | 255.255.255.0 | global | 02:be:82:6b:cc:1d |
[   33.738717] cloud-init[969]: ci-info: | enp0s3 |  True | fe80::be:82ff:fe6b:cc1d/64 |       .       |  link  | 02:be:82:6b:cc:1d |
[   33.761925] cloud-init[969]: ci-info: | enp0s8 | False |             .              |       .       |   .    | 08:00:27:8c:3b:19 |
[   33.805856] cloud-init[969]: ci-info: |   lo   |  True |         127.0.0.1          |   255.0.0.0   |  host  |         .         |
[   33.813799] cloud-init[969]: ci-info: |   lo   |  True |          ::1/128           |       .       |  host  |         .         |
[   33.876982] cloud-init[969]: ci-info: +--------+-------+----------------------------+---------------+--------+-------------------+
[   33.897408] cloud-init[969]: ci-info: +++++++++++++++++++++++++++Route IPv4 info++++++++++++++++++++++++++++
[   33.906815] cloud-init[969]: ci-info: +-------+-------------+----------+---------------+-----------+-------+
[   33.933993] cloud-init[969]: ci-info: | Route | Destination | Gateway  |    Genmask    | Interface | Flags |
[   33.960623] cloud-init[969]: ci-info: +-------+-------------+----------+---------------+-----------+-------+
[   33.983704] cloud-init[969]: ci-info: |   0   |   0.0.0.0   | 10.0.2.2 |    0.0.0.0    |   enp0s3  |   UG  |
[   34.158902] cloud-init[969]: ci-info: |   1   |   10.0.2.0  | 0.0.0.0  | 255.255.255.0 |   enp0s3  |   U   |
[   34.228170] cloud-init[969]: ci-info: +-------+-------------+----------+---------------+-----------+-------+
[   34.237093] cloud-init[969]: ci-info: +++++++++++++++++++Route IPv6 info+++++++++++++++++++
[   34.354018] cloud-init[969]: ci-info: +-------+-------------+---------+-----------+-------+
[   34.382846] cloud-init[969]: ci-info: | Route | Destination | Gateway | Interface | Flags |
[   34.405063] cloud-init[969]: ci-info: +-------+-------------+---------+-----------+-------+
[   34.424922] cloud-init[969]: ci-info: |   0   |  fe80::/64  |    ::   |   enp0s3  |   U   |
[   34.433432] cloud-init[969]: ci-info: |   4   |   ff00::/8  |    ::   |   enp0s3  |   U   |
[   34.453107] cloud-init[969]: ci-info: +-------+-------------+---------+-----------+-------+
[   34.468724] cloud-init[969]: Generating public/private rsa key pair.
[   34.472865] cloud-init[969]: Your identification has been saved in /etc/ssh/ssh_host_rsa_key.
[   34.486651] cloud-init[969]: Your public key has been saved in /etc/ssh/ssh_host_rsa_key.pub.
[   34.513263] cloud-init[969]: The key fingerprint is:
[   34.521342] cloud-init[969]: SHA256:xgmJdTIeBp146JkXTRniLbiFr5xo9XZP45T8WYaS0Mw root@ubuntu-xenial
[   34.537743] cloud-init[969]: The key's randomart image is:
[   34.549466] cloud-init[969]: +---[RSA 2048]----+
[   34.583122] cloud-init[969]: |    .=B++o       |
[   34.588626] cloud-init[969]: |    oO=Oo        |
[   34.595327] cloud-init[969]: |   .++B..        |
[   34.602701] cloud-init[969]: |    ++.+ =       |
[   34.610567] cloud-init[969]: |    o.. S E      |
[   34.732285] cloud-init[969]: |   + + . o o .   |
[   34.736911] [cloud-init[0;32m  OK  [0m[969]: ] |  o + o . O . o  |Started Initial cloud-init job (metadata service crawler).

[[0;32m  OK  [0m] Reached target Network is Online.
[   34.760037] cloud-init[969]: | .   . . = + +   |
[   34.769352] cloud-init[969]: |          o o    |
[   34.773295] cloud-init[969]: +----[SHA256]-----+
[   34.780667] cloud-init[969]: Generating public/private dsa key pair.
[   34.802595] cloud-init[969]: Your identification has been saved in /etc/ssh/ssh_host_dsa_key.
[   34.803512] cloud-init[969]: Your public key has been saved in /etc/ssh/ssh_host_dsa_key.pub.
         Starting iSCSI initiator daemon (iscsid)...
[   34.805897] [cloud-init[0;32m  OK  [0m[969]: ] The key fingerprint is:Reached target System Initialization.

[   34.829419] cloud-init[969]: SHA256:NZfWjFeJxx+8LWjcVRZbsfLuW+jbJaxJkQbdG/dTgag root@ubuntu-xenial
[   34.842466] [cloud-init[0;32m  OK  [0m[969]: ] The key's randomart image is:Started ACPI Events Check.

[[0;32m  OK  [0m] Reached target Paths.
[[0;32m  OK  [0m] Started Daily apt download activities.
[   34.856803] [cloud-init[969]: +---[DSA 1024]----+
[0;32m  OK  [0m] Started Message of the Day.
[   34.901316] cloud-init[969]: |            . =+X|
[   35.017401] cloud-init[969]: |           o O O*|
[   35.029035] cloud-init[969]: |          =.*+B+B|
[[   35.029496] [0;32m  OK  [0mcloud-init] [969]: Started Daily apt upgrade and clean activities.|         E =+o===|

[   35.029590] cloud-init[969]: |        S  .+ .+.|
[   35.068355] cloud-init[969]: |           . o...|
[   35.068851] cloud-init         [969]: Starting LXD - unix socket.|            . +.o|

[[   35.068953] [0;32m  OK  [0mcloud-init] [969]: Started Ubuntu Advantage update messaging.|           . +.oo|

[   35.104764] cloud-init[969]: |            o o+o|
[   35.106496] cloud-init[969]: +----[SHA256]-----+
[[0;32m  OK  [0m] Listening on UUID daemon activation socket.
[   35.106856] cloud-init[969]: Generating public/private ecdsa key pair.
[   35.131030] cloud-init[969]: Your identification has been saved in /etc/ssh/ssh_host_ecdsa_key.
[   35.138253] cloud-init[969]: Your public key has been saved in /etc/ssh/ssh_host_ecdsa_key.pub.
[   35.268830] cloud-init[969]: The key fingerprint is:
[   35.268968] cloud-init[969]: SHA256:wvu7BP6rjNfkgZCkN7AY9X9+S6wRtvlJuVPlfI2OLKI root@ubuntu-xenial
[   35.269089] cloud-init[969]: The key's randomart image is:
[   35.270916] cloud-init[969]: +---[ECDSA 256]---+
[   35.271150] cloud-init[969]: | ..              |
[   35.271293] cloud-init[969]: |. ...            |
[   35.271396] cloud-init[969]: | o =..           |
[   35.271482] cloud-init[969]: |. o =o        .  |
[   35.271569] cloud-init[969]: |   . o=.S    + ..|
[   35.271649] cloud-init[969]: |     ..Bo= .. + o|
[   35.271764] cloud-init[969]: |      o+*.*o o . |
[   35.271847] cloud-init[969]: |     o.++Bo+o .  |
[   35.271930] cloud-init[969]: |    ..EoB==o     |
[   35.272006] cloud-init[969]: +----[SHA256]-----+
[   35.272248] cloud-init[969]: Generating public/private ed25519 key pair.
[   35.272329] cloud-init[969]: Your identification has been saved in /etc/ssh/ssh_host_ed25519_key.
[   35.272629] cloud-init[969]: Your public key has been saved in /etc/ssh/ssh_host_ed25519_key.pub.
[   35.272719] cloud-init[969]: The key fingerprint is:
[   35.284219] cloud-init[969]: SHA256:cqagtUBqJqvuQpIuNYTDGzqpvQW2WG6LqfjBiT3fBQQ root@ubuntu-xenial
[   35.284321] cloud-init[969]: The key's randomart image is:
[   35.284396] cloud-init[969]: +--[ED25519 256]--+
[   35.284472] cloud-init[969]: |    E            |
[   35.294096] cloud-init[969]: |     .           |
[   35.296980] cloud-init[969]: |...   .          |
[   35.297138] cloud-init[969]: |o=.  .           |
[   35.297215] cloud-init[969]: |+BB o o S        |
[   35.297285] cloud-init[969]: |X%oB o *         |
[   35.297352] cloud-init[969]: |O+@.o . .        |
[   35.297703] cloud-init[969]: |*=.* . .         |
[   35.297787] cloud-init[969]: |%++.. .          |
[   35.297857] cloud-init[969]: +----[SHA256]-----+
[[0;32m  OK  [0m] Listening on ACPID Listen Socket.
         Starting Socket activation for snappy daemon.
[[0;32m  OK  [0m] Listening on D-Bus System Message Bus Socket.
[[0;32m  OK  [0m] Started Daily Cleanup of Temporary Directories.
[[0;32m  OK  [0m] Reached target Timers.
[[0;32m  OK  [0m] Reached target Cloud-config availability.
[[0;32m  OK  [0m] Listening on LXD - unix socket.
[[0;32m  OK  [0m] Listening on Socket activation for snappy daemon.
[[0;32m  OK  [0m] Reached target Sockets.
[[0;32m  OK  [0m] Reached target Basic System.
         Starting /etc/rc.local Compatibility...
         Starting Virtualbox guest utils...
         Starting Pollinate to seed the pseudo random number generator...
         Starting Accounts Service...
         Starting System Logging Service...
[[0;32m  OK  [0m] Started Deferred execution scheduler.
         Starting Login Service...
[[0;32m  OK  [0m] Started FUSE filesystem for LXC.
[[0;32m  OK  [0m] Started ACPI event daemon.
         Starting LSB: Record successful boot for GRUB...
[[0;32m  OK  [0m] Started Regular background program processing daemon.
         Starting LSB: MD monitoring daemon...
         Starting Snap Daemon...
[[0;32m  OK  [0m] Started D-Bus System Message Bus.
         Starting LXD - container startup/shutdown...
[[0;32m  OK  [0m] Started System Logging Service.
[[0;32m  OK  [0m] Started iSCSI initiator daemon (iscsid).
[[0;32m  OK  [0m] Started /etc/rc.local Compatibility.
[[0;32m  OK  [0m] Started Login Service.
[[0;32m  OK  [0m] Started Unattended Upgrades Shutdown.
         Starting Authenticate and Authorize Users to Run Privileged Tasks...
         Starting Login to default iSCSI targets...
[[0;32m  OK  [0m] Started LSB: Record successful boot for GRUB.
[[0;32m  OK  [0m] Started LSB: MD monitoring daemon.
[[0;32m  OK  [0m] Started Authenticate and Authorize Users to Run Privileged Tasks.
[[0;32m  OK  [0m] Started Accounts Service.
[[0;32m  OK  [0m] Started Login to default iSCSI targets.
[[0;32m  OK  [0m] Reached target Remote File Systems (Pre).
[[0;32m  OK  [0m] Reached target Remote File Systems.
         Starting LSB: Set the CPU Frequency Scaling governor to "ondemand"...
         Starting LSB: automatic crash report generation...
         Starting Permit User Sessions...
         Starting LSB: daemon to balance interrupts for SMP systems...
[[0;32m  OK  [0m] Started Permit User Sessions.
         Starting Hold until boot process finishes up...
         Starting Terminate Plymouth Boot Screen...
[[0;32m  OK  [0m] Started Hold until boot process finishes up.
[[0;32m  OK  [0m] Started Terminate Plymouth Boot Screen.
         Starting Set console scheme...
[[0;32m  OK  [0m] Started Getty on tty1.
[[0;32m  OK  [0m] Started Serial Getty on ttyS0.
[[0;32m  OK  [0m] Reached target Login Prompts.
[[0;32m  OK  [0m] Started Virtualbox guest utils.
[[0;32m  OK  [0m] Started LXD - container startup/shutdown.
[[0;32m  OK  [0m] Started LSB: Set the CPU Frequency Scaling governor to "ondemand".
[[0;32m  OK  [0m] Started Set console scheme.
[[0;32m  OK  [0m] Started LSB: automatic crash report generation.
[[0;32m  OK  [0m] Started LSB: daemon to balance interrupts for SMP systems.
[[0;32m  OK  [0m] Started Pollinate to seed the pseudo random number generator.
         Starting OpenBSD Secure Shell server...
[[0;32m  OK  [0m] Started OpenBSD Secure Shell server.
[[0;32m  OK  [0m] Started Snap Daemon.
         Starting Wait until snapd is fully seeded...
[[0;32m  OK  [0m] Created slice User Slice of vagrant.
         Starting User Manager for UID 1000...
[[0;32m  OK  [0m] Started Session 1 of user vagrant.
[[0;32m  OK  [0m] Started User Manager for UID 1000.

Ubuntu 16.04.7 LTS ubuntu-xenial ttyS0

ubuntu-xenial login: [   49.982379] cloud-init[1395]: Generating locales (this might take a while)...
[   57.773987] cloud-init[1395]:   en_US.UTF-8... done
[   57.774846] cloud-init[1395]: Generation complete.
[   60.748264] cloud-init[1395]: Cloud-init v. 21.1-19-gbad84ad4-0ubuntu1~16.04.2 running 'modules:config' at Wed, 01 Dec 2021 11:48:45 +0000. Up 48.14 seconds.
ci-info: no authorized SSH keys fingerprints found for user ubuntu.
<14>Dec  1 11:49:02 ec2: 
<14>Dec  1 11:49:02 ec2: #############################################################
<14>Dec  1 11:49:02 ec2: -----BEGIN SSH HOST KEY FINGERPRINTS-----
<14>Dec  1 11:49:02 ec2: 1024 SHA256:NZfWjFeJxx+8LWjcVRZbsfLuW+jbJaxJkQbdG/dTgag root@ubuntu-xenial (DSA)
<14>Dec  1 11:49:02 ec2: 256 SHA256:wvu7BP6rjNfkgZCkN7AY9X9+S6wRtvlJuVPlfI2OLKI root@ubuntu-xenial (ECDSA)
<14>Dec  1 11:49:02 ec2: 256 SHA256:cqagtUBqJqvuQpIuNYTDGzqpvQW2WG6LqfjBiT3fBQQ root@ubuntu-xenial (ED25519)
<14>Dec  1 11:49:02 ec2: 2048 SHA256:xgmJdTIeBp146JkXTRniLbiFr5xo9XZP45T8WYaS0Mw root@ubuntu-xenial (RSA)
<14>Dec  1 11:49:02 ec2: -----END SSH HOST KEY FINGERPRINTS-----
<14>Dec  1 11:49:02 ec2: #############################################################
-----BEGIN SSH HOST KEY KEYS-----
ecdsa-sha2-nistp256 AAAAE2VjZHNhLXNoYTItbmlzdHAyNTYAAAAIbmlzdHAyNTYAAABBBC8KEfJMC0AteZr6nZHiDkIvHyoSLwkhPXY4CJefQ6/evl7McCUx7yCwp9Qcn0KnkY6DR7v7jPMf0H9psr9fUao= root@ubuntu-xenial
ssh-ed25519 AAAAC3NzaC1lZDI1NTE5AAAAIKVkkzawhdl+rbOSGQUzUaBHYRrY/u5IODwgRgaoMJ4L root@ubuntu-xenial
ssh-rsa AAAAB3NzaC1yc2EAAAADAQABAAABAQC2UsX7ivzzvtzmP8c06vg/lz6+agSNFaAtQ3gIByNe4bm3QfMVF5yUZErfqkdlSMpX5K5bJP60oRj31at7c5+1LIJT4FxFOaRT3VUl2VGe6QL7aoJmZyWMTOsjrMgFtmGuv2yCkcXMUqkQbllk7wvz/RHbbGCYWif79IO+LB56xsJfTwExhA32mzRn6WQGmX/aoKcPafH0gNJAYq4rO6GAjSlSWws7woU19OLHIZwtFSfQJNsjnG8oNc1ytKk5f2/jQss8Sav3e4isXOtIb2rxSLmBhPMb4nMaVclAfUO8mkxPnLQmA1SZeOlOn+BEDUcu4QJ72QCoHvqT5587wuE/ root@ubuntu-xenial
-----END SSH HOST KEY KEYS-----
[   66.441586] cloud-init[1657]: Cloud-init v. 21.1-19-gbad84ad4-0ubuntu1~16.04.2 running 'modules:final' at Wed, 01 Dec 2021 11:49:00 +0000. Up 63.13 seconds.
[   66.450646] cloud-init[1657]: ci-info: no authorized SSH keys fingerprints found for user ubuntu.
[   66.550840] cloud-init[1657]: Cloud-init v. 21.1-19-gbad84ad4-0ubuntu1~16.04.2 finished at Wed, 01 Dec 2021 11:49:03 +0000. Datasource DataSourceNoCloud [seed=/dev/sdb][dsmode=net].  Up 66.07 seconds
